2025-12-07 19:44:35 [INFO] django.utils.autoreload: Watching for file changes with StatReloader
2025-12-07 19:44:44 [INFO] django.server: "POST /WebDatabase/login HTTP/1.1" 200 6626
2025-12-07 19:44:56 [INFO] django.server: "POST /WebDatabase/login HTTP/1.1" 200 6626
2025-12-07 19:49:42 [INFO] django.utils.autoreload: C:\Users\admin\Desktop\WebDatabaseBeta\WebDatabase\WebDataWorld\WebDatabase\account.py changed, reloading.
2025-12-07 19:49:43 [INFO] django.utils.autoreload: Watching for file changes with StatReloader
2025-12-07 19:49:50 [INFO] django.server: "POST /WebDatabase/login HTTP/1.1" 200 6626
2025-12-07 19:49:52 [INFO] django.server: "POST /WebDatabase/login HTTP/1.1" 200 6626
2025-12-07 19:49:53 [INFO] django.server: "POST /WebDatabase/login HTTP/1.1" 200 6626
2025-12-07 19:50:02 [INFO] django.server: "POST /WebDatabase/login HTTP/1.1" 200 6626
2025-12-07 19:56:36 [INFO] django.server: "POST /WebDatabase/login HTTP/1.1" 200 6635
2025-12-07 19:56:37 [INFO] django.server: "POST /WebDatabase/login HTTP/1.1" 200 6635
2025-12-07 19:57:53 [INFO] django.server: "POST /WebDatabase/login HTTP/1.1" 200 6635
2025-12-07 19:57:58 [INFO] django.server: "POST /WebDatabase/login HTTP/1.1" 200 6626
2025-12-07 19:58:02 [INFO] django.server: "POST /WebDatabase/login HTTP/1.1" 200 6626
2025-12-07 19:59:02 [INFO] django.utils.autoreload: C:\Users\admin\Desktop\WebDatabaseBeta\WebDatabase\WebDataWorld\WebDatabase\account.py changed, reloading.
2025-12-07 19:59:02 [INFO] django.utils.autoreload: Watching for file changes with StatReloader
2025-12-07 19:59:05 [INFO] django.server: "POST /WebDatabase/login HTTP/1.1" 200 6626
2025-12-07 19:59:07 [INFO] django.server: "POST /WebDatabase/login HTTP/1.1" 200 6626
2025-12-07 20:02:05 [INFO] django.server: "POST /WebDatabase/login HTTP/1.1" 200 6638
2025-12-07 20:02:15 [INFO] django.server: "POST /WebDatabase/login HTTP/1.1" 200 6638
2025-12-07 20:06:58 [INFO] django.utils.autoreload: C:\Users\admin\Desktop\WebDatabaseBeta\WebDatabase\WebDataWorld\WebDatabase\account.py changed, reloading.
2025-12-07 20:06:59 [INFO] django.utils.autoreload: Watching for file changes with StatReloader
2025-12-07 20:07:10 [INFO] django.utils.autoreload: C:\Users\admin\Desktop\WebDatabaseBeta\WebDatabase\WebDataWorld\WebDatabase\account.py changed, reloading.
2025-12-07 20:07:11 [INFO] django.utils.autoreload: Watching for file changes with StatReloader
2025-12-07 20:07:20 [INFO] django.server: "POST /WebDatabase/login HTTP/1.1" 200 6678
2025-12-07 20:07:30 [INFO] django.server: "POST /WebDatabase/login HTTP/1.1" 200 6678
2025-12-07 20:11:47 [INFO] django.server: "POST /WebDatabase/login HTTP/1.1" 200 6708
2025-12-07 20:12:00 [INFO] django.server: "POST /LabDatabase/login HTTP/1.1" 302 0
2025-12-07 20:12:00 [INFO] django.server: "GET /WebDatabase/login HTTP/1.1" 200 6708
2025-12-07 20:12:16 [INFO] django.server: "POST /LabDatabase/login HTTP/1.1" 302 0
2025-12-07 20:12:16 [INFO] django.server: "GET /WebDatabase/login HTTP/1.1" 200 6708
2025-12-07 20:13:02 [INFO] django.server: "GET /WebDatabase/login HTTP/1.1" 200 6708
2025-12-07 20:13:03 [INFO] django.server: "GET /WebDatabase/login HTTP/1.1" 200 6708
2025-12-07 20:13:05 [INFO] django.server: "GET /WebDatabase/login HTTP/1.1" 200 6708
2025-12-07 20:13:06 [INFO] django.server: "GET /WebDatabase/login HTTP/1.1" 200 6708
2025-12-07 20:18:33 [INFO] django.utils.autoreload: C:\Users\admin\Desktop\WebDatabaseBeta\WebDatabase\WebDataWorld\WebDatabase\account.py changed, reloading.
2025-12-07 20:18:34 [INFO] django.utils.autoreload: Watching for file changes with StatReloader
2025-12-07 20:18:43 [INFO] django.server: "GET /WebDatabase/login HTTP/1.1" 200 6935
2025-12-07 20:18:52 [INFO] django.server: "POST /LabDatabase/login HTTP/1.1" 302 0
2025-12-07 20:18:52 [INFO] django.server: "GET /WebDatabase/login HTTP/1.1" 200 6935
2025-12-07 20:19:02 [INFO] django.server: "GET /WebDatabase/login HTTP/1.1" 200 6935
2025-12-07 20:19:11 [INFO] django.server: "POST /LabDatabase/login HTTP/1.1" 302 0
2025-12-07 20:19:11 [INFO] django.server: "GET /WebDatabase/login HTTP/1.1" 200 6935
2025-12-07 20:20:00 [INFO] django.server: "GET /WebDatabase/login HTTP/1.1" 200 7045
2025-12-07 20:20:01 [INFO] django.server: "GET /WebDatabase/login HTTP/1.1" 200 7045
2025-12-07 20:20:12 [INFO] django.server: "POST /LabDatabase/login HTTP/1.1" 302 0
2025-12-07 20:20:12 [INFO] django.server: "GET /WebDatabase/login HTTP/1.1" 200 7045
2025-12-07 20:20:38 [INFO] django.utils.autoreload: C:\Users\admin\Desktop\WebDatabaseBeta\WebDatabase\WebDataWorld\WebDatabase\account.py changed, reloading.
2025-12-07 20:20:39 [INFO] django.utils.autoreload: Watching for file changes with StatReloader
2025-12-07 20:20:44 [INFO] django.server: "GET /WebDatabase/login HTTP/1.1" 200 7045
2025-12-07 20:20:51 [INFO] django.server: "POST /LabDatabase/login HTTP/1.1" 302 0
2025-12-07 20:20:51 [INFO] django.server: "GET /WebDatabase/login HTTP/1.1" 200 7045
2025-12-07 20:21:27 [INFO] django.server: "GET /WebDatabase/logout HTTP/1.1" 302 0
2025-12-07 20:21:27 [INFO] django.server: "GET /LabDatabase/login HTTP/1.1" 302 0
2025-12-07 20:21:27 [INFO] django.server: "GET /WebDatabase/login HTTP/1.1" 200 7045
2025-12-07 20:21:39 [INFO] django.server: "POST /LabDatabase/login HTTP/1.1" 302 0
2025-12-07 20:21:39 [INFO] django.server: "GET /WebDatabase/login HTTP/1.1" 200 7045
2025-12-07 20:21:50 [INFO] django.server: "POST /LabDatabase/login HTTP/1.1" 302 0
2025-12-07 20:21:50 [INFO] django.server: "GET /WebDatabase/login HTTP/1.1" 200 7045
2025-12-07 20:21:56 [INFO] django.server: "POST /LabDatabase/login HTTP/1.1" 302 0
2025-12-07 20:21:56 [INFO] django.server: "GET /WebDatabase/login HTTP/1.1" 200 7045
2025-12-07 20:22:04 [INFO] django.utils.autoreload: C:\Users\admin\Desktop\WebDatabaseBeta\WebDatabase\WebDataWorld\WebDatabase\views.py changed, reloading.
2025-12-07 20:22:05 [INFO] django.utils.autoreload: Watching for file changes with StatReloader
2025-12-07 20:22:08 [INFO] django.server: "POST /LabDatabase/login HTTP/1.1" 302 0
2025-12-07 20:22:08 [INFO] django.server: "GET /WebDatabase/login HTTP/1.1" 200 7045
2025-12-07 20:23:14 [INFO] django.utils.autoreload: C:\Users\admin\Desktop\WebDatabaseBeta\WebDatabase\WebDataWorld\WebDatabase\account.py changed, reloading.
2025-12-07 20:23:14 [INFO] django.utils.autoreload: Watching for file changes with StatReloader
2025-12-07 20:23:29 [INFO] django.server: "GET /WebDatabase/login HTTP/1.1" 200 7045
2025-12-07 20:23:30 [INFO] django.server: "GET /WebDatabase/login HTTP/1.1" 200 7045
2025-12-07 20:23:58 [INFO] django.utils.autoreload: C:\Users\admin\Desktop\WebDatabaseBeta\WebDatabase\WebDataWorld\WebDatabase\account.py changed, reloading.
2025-12-07 20:23:58 [INFO] django.utils.autoreload: Watching for file changes with StatReloader
2025-12-07 20:24:02 [INFO] django.server: "POST /LabDatabase/login HTTP/1.1" 302 0
2025-12-07 20:24:02 [INFO] django.server: "GET /WebDatabase/login HTTP/1.1" 200 7045
2025-12-07 20:24:13 [INFO] django.server: "POST /LabDatabase/login HTTP/1.1" 302 0
2025-12-07 20:24:13 [INFO] django.server: "GET /WebDatabase/login HTTP/1.1" 200 7045
2025-12-07 20:24:22 [INFO] django.utils.autoreload: C:\Users\admin\Desktop\WebDatabaseBeta\WebDatabase\WebDataWorld\WebDatabase\account.py changed, reloading.
2025-12-07 20:24:23 [INFO] django.utils.autoreload: Watching for file changes with StatReloader
2025-12-07 20:25:07 [INFO] django.utils.autoreload: C:\Users\admin\Desktop\WebDatabaseBeta\WebDatabase\WebDataWorld\WebDatabase\account.py changed, reloading.
2025-12-07 20:25:08 [INFO] django.utils.autoreload: Watching for file changes with StatReloader
2025-12-07 20:25:13 [INFO] django.server: "POST /LabDatabase/login HTTP/1.1" 302 0
2025-12-07 20:25:13 [INFO] django.server: "GET /WebDatabase/login HTTP/1.1" 200 7045
2025-12-07 20:25:33 [INFO] django.utils.autoreload: C:\Users\admin\Desktop\WebDatabaseBeta\WebDatabase\WebDataWorld\WebDatabase\account.py changed, reloading.
2025-12-07 20:25:34 [INFO] django.utils.autoreload: Watching for file changes with StatReloader
2025-12-07 20:25:37 [INFO] django.server: "POST /LabDatabase/login HTTP/1.1" 302 0
2025-12-07 20:25:37 [INFO] django.server: "GET /WebDatabase/login HTTP/1.1" 200 7045
2025-12-07 20:25:42 [INFO] django.utils.autoreload: C:\Users\admin\Desktop\WebDatabaseBeta\WebDatabase\WebDataWorld\WebDatabase\account.py changed, reloading.
2025-12-07 20:25:43 [INFO] django.utils.autoreload: Watching for file changes with StatReloader
2025-12-07 20:26:53 [INFO] django.utils.autoreload: C:\Users\admin\Desktop\WebDatabaseBeta\WebDatabase\WebDataWorld\WebDatabase\account.py changed, reloading.
2025-12-07 20:26:54 [INFO] django.utils.autoreload: Watching for file changes with StatReloader
2025-12-07 20:26:59 [INFO] django.utils.autoreload: C:\Users\admin\Desktop\WebDatabaseBeta\WebDatabase\WebDataWorld\WebDatabase\account.py changed, reloading.
2025-12-07 20:27:00 [INFO] django.utils.autoreload: Watching for file changes with StatReloader
2025-12-07 20:27:04 [INFO] django.server: "POST /LabDatabase/login HTTP/1.1" 302 0
2025-12-07 20:27:04 [INFO] django.server: "GET /WebDatabase/login HTTP/1.1" 200 7045
2025-12-07 20:28:58 [INFO] django.utils.autoreload: C:\Users\admin\Desktop\WebDatabaseBeta\WebDatabase\WebDataWorld\WebDatabase\account.py changed, reloading.
2025-12-07 20:28:59 [INFO] django.utils.autoreload: Watching for file changes with StatReloader
2025-12-07 20:29:05 [INFO] django.server: "POST /LabDatabase/login HTTP/1.1" 302 0
2025-12-07 20:29:05 [INFO] django.server: "GET /WebDatabase/login HTTP/1.1" 200 7045
2025-12-07 20:29:22 [INFO] django.utils.autoreload: C:\Users\admin\Desktop\WebDatabaseBeta\WebDatabase\WebDataWorld\WebDatabase\account.py changed, reloading.
2025-12-07 20:29:22 [INFO] django.utils.autoreload: Watching for file changes with StatReloader
2025-12-07 20:29:36 [INFO] django.server: "GET /WebDatabase/login HTTP/1.1" 200 7045
2025-12-07 20:29:43 [INFO] django.server: "POST /LabDatabase/login HTTP/1.1" 302 0
2025-12-07 20:29:43 [INFO] django.server: "GET /WebDatabase/login HTTP/1.1" 200 7045
2025-12-07 20:30:18 [INFO] django.server: "POST /LabDatabase/login HTTP/1.1" 302 0
2025-12-07 20:30:18 [INFO] django.server: "GET /WebDatabase/login HTTP/1.1" 200 7045
2025-12-07 20:32:29 [INFO] django.server: "GET /WebDatabase/login HTTP/1.1" 200 7045
2025-12-07 20:32:34 [INFO] django.server: "POST /LabDatabase/login HTTP/1.1" 302 0
2025-12-07 20:32:34 [INFO] django.server: "GET /WebDatabase/login HTTP/1.1" 200 7045
2025-12-07 20:33:30 [INFO] django.utils.autoreload: C:\Users\admin\Desktop\WebDatabaseBeta\WebDatabase\WebDataWorld\LabDatabase\admin.py changed, reloading.
2025-12-07 20:33:31 [INFO] django.utils.autoreload: Watching for file changes with StatReloader
2025-12-07 20:33:57 [INFO] django.server: "GET /WebDatabase/login HTTP/1.1" 200 7045
2025-12-07 20:34:06 [INFO] django.server: "GET /LabDatabase/login HTTP/1.1" 302 0
2025-12-07 20:34:06 [INFO] django.server: "GET /WebDatabase/login HTTP/1.1" 200 7045
2025-12-07 20:34:13 [INFO] django.server: "POST /LabDatabase/login HTTP/1.1" 302 0
2025-12-07 20:34:13 [INFO] django.server: "GET /WebDatabase/login HTTP/1.1" 200 7045
2025-12-07 20:34:29 [INFO] django.utils.autoreload: C:\Users\admin\Desktop\WebDatabaseBeta\WebDatabase\WebDataWorld\WebDatabase\account.py changed, reloading.
2025-12-07 20:34:30 [INFO] django.utils.autoreload: Watching for file changes with StatReloader
2025-12-07 20:34:35 [INFO] django.utils.autoreload: C:\Users\admin\Desktop\WebDatabaseBeta\WebDatabase\WebDataWorld\WebDatabase\account.py changed, reloading.
2025-12-07 20:34:36 [INFO] django.utils.autoreload: Watching for file changes with StatReloader
2025-12-07 20:34:37 [INFO] django.server: "GET /WebDatabase/login HTTP/1.1" 200 7045
2025-12-07 20:34:45 [INFO] django.server: "POST /LabDatabase/login HTTP/1.1" 302 0
2025-12-07 20:34:45 [INFO] django.server: "GET /WebDatabase/login HTTP/1.1" 200 7045
2025-12-07 20:35:49 [INFO] django.utils.autoreload: C:\Users\admin\Desktop\WebDatabaseBeta\WebDatabase\WebDataWorld\WebDatabase\account.py changed, reloading.
2025-12-07 20:35:50 [INFO] django.utils.autoreload: Watching for file changes with StatReloader
2025-12-07 20:36:48 [INFO] django.utils.autoreload: C:\Users\admin\Desktop\WebDatabaseBeta\WebDatabase\WebDataWorld\WebDatabase\account.py changed, reloading.
2025-12-07 20:36:48 [INFO] django.utils.autoreload: Watching for file changes with StatReloader
2025-12-07 20:37:16 [INFO] django.utils.autoreload: C:\Users\admin\Desktop\WebDatabaseBeta\WebDatabase\WebDataWorld\WebDatabase\account.py changed, reloading.
2025-12-07 20:37:17 [INFO] django.utils.autoreload: Watching for file changes with StatReloader
2025-12-07 20:37:34 [INFO] django.utils.autoreload: C:\Users\admin\Desktop\WebDatabaseBeta\WebDatabase\WebDataWorld\WebDatabase\account.py changed, reloading.
2025-12-07 20:37:34 [INFO] django.utils.autoreload: Watching for file changes with StatReloader
2025-12-07 20:37:39 [INFO] django.server: "POST /LabDatabase/login HTTP/1.1" 302 0
2025-12-07 20:37:39 [INFO] django.server: "GET /WebDatabase/login HTTP/1.1" 200 7045
2025-12-07 20:40:04 [INFO] django.utils.autoreload: C:\Users\admin\Desktop\WebDatabaseBeta\WebDatabase\WebDataWorld\WebDatabase\account.py changed, reloading.
2025-12-07 20:40:05 [INFO] django.utils.autoreload: Watching for file changes with StatReloader
2025-12-07 20:40:09 [INFO] django.server: "POST /LabDatabase/login HTTP/1.1" 302 0
2025-12-07 20:40:09 [INFO] django.server: "GET /WebDatabase/login HTTP/1.1" 200 7153
2025-12-07 20:40:37 [INFO] django.utils.autoreload: C:\Users\admin\Desktop\WebDatabaseBeta\WebDatabase\WebDataWorld\WebDatabase\account.py changed, reloading.
2025-12-07 20:40:38 [INFO] django.utils.autoreload: Watching for file changes with StatReloader
2025-12-07 20:40:43 [INFO] django.server: "POST /LabDatabase/login HTTP/1.1" 302 0
2025-12-07 20:40:43 [INFO] django.server: "GET /WebDatabase/login HTTP/1.1" 200 7153
2025-12-07 20:42:12 [INFO] django.server: "GET /WebDatabase/login HTTP/1.1" 200 7153
2025-12-07 20:42:17 [INFO] django.server: "POST /WebDatabase/login HTTP/1.1" 200 6698
2025-12-07 20:42:23 [INFO] django.server: "POST /WebDatabase/login HTTP/1.1" 200 6698
2025-12-07 20:43:35 [INFO] django.utils.autoreload: C:\Users\admin\Desktop\WebDatabaseBeta\WebDatabase\WebDataWorld\WebDatabase\account.py changed, reloading.
2025-12-07 20:43:36 [INFO] django.utils.autoreload: Watching for file changes with StatReloader
2025-12-07 20:43:40 [INFO] django.server: "POST /WebDatabase/login HTTP/1.1" 200 6698
2025-12-07 20:43:47 [INFO] django.server: "POST /WebDatabase/login HTTP/1.1" 200 6698
2025-12-07 20:44:11 [INFO] django.utils.autoreload: C:\Users\admin\Desktop\WebDatabaseBeta\WebDatabase\WebDataWorld\WebDatabase\account.py changed, reloading.
2025-12-07 20:44:12 [INFO] django.utils.autoreload: Watching for file changes with StatReloader
2025-12-07 20:44:16 [INFO] django.server: "POST /WebDatabase/login HTTP/1.1" 200 6698
2025-12-07 20:45:28 [INFO] django.utils.autoreload: C:\Users\admin\Desktop\WebDatabaseBeta\WebDatabase\WebDataWorld\WebDatabase\account.py changed, reloading.
2025-12-07 20:45:29 [INFO] django.utils.autoreload: Watching for file changes with StatReloader
2025-12-07 20:45:36 [INFO] django.server: "POST /WebDatabase/login HTTP/1.1" 200 6698
2025-12-07 20:45:45 [INFO] django.utils.autoreload: C:\Users\admin\Desktop\WebDatabaseBeta\WebDatabase\WebDataWorld\WebDatabase\account.py changed, reloading.
2025-12-07 20:45:45 [INFO] django.utils.autoreload: Watching for file changes with StatReloader
2025-12-07 20:45:58 [INFO] django.server: "POST /WebDatabase/login HTTP/1.1" 200 6698
2025-12-07 20:46:03 [INFO] django.server: "POST /WebDatabase/login HTTP/1.1" 200 6698
2025-12-07 20:46:22 [INFO] django.utils.autoreload: C:\Users\admin\Desktop\WebDatabaseBeta\WebDatabase\WebDataWorld\WebDatabase\account.py changed, reloading.
2025-12-07 20:46:22 [INFO] django.utils.autoreload: Watching for file changes with StatReloader
2025-12-07 20:46:29 [INFO] django.server: "POST /WebDatabase/login HTTP/1.1" 200 6698
2025-12-07 20:46:35 [INFO] django.server: "POST /WebDatabase/login HTTP/1.1" 200 6698
2025-12-07 20:46:50 [INFO] django.utils.autoreload: C:\Users\admin\Desktop\WebDatabaseBeta\WebDatabase\WebDataWorld\WebDatabase\account.py changed, reloading.
2025-12-07 20:46:50 [INFO] django.utils.autoreload: Watching for file changes with StatReloader
2025-12-07 20:46:58 [INFO] django.server: "POST /WebDatabase/login HTTP/1.1" 200 6698
2025-12-07 20:47:05 [INFO] django.server: "POST /WebDatabase/login HTTP/1.1" 200 6698
2025-12-07 20:47:45 [INFO] django.utils.autoreload: E:\Anaconda\Lib\site-packages\django\forms\forms.py changed, reloading.
2025-12-07 20:47:45 [INFO] django.utils.autoreload: Watching for file changes with StatReloader
2025-12-07 20:47:50 [INFO] django.server: "POST /WebDatabase/login HTTP/1.1" 200 6698
2025-12-07 20:47:57 [INFO] django.utils.autoreload: E:\Anaconda\Lib\site-packages\django\forms\forms.py changed, reloading.
2025-12-07 20:47:57 [INFO] django.utils.autoreload: Watching for file changes with StatReloader
2025-12-07 20:48:03 [INFO] django.server: "POST /WebDatabase/login HTTP/1.1" 200 6698
2025-12-07 20:48:07 [INFO] django.utils.autoreload: E:\Anaconda\Lib\site-packages\django\forms\forms.py changed, reloading.
2025-12-07 20:48:08 [INFO] django.utils.autoreload: Watching for file changes with StatReloader
2025-12-07 20:48:15 [INFO] django.utils.autoreload: C:\Users\admin\Desktop\WebDatabaseBeta\WebDatabase\WebDataWorld\WebDatabase\account.py changed, reloading.
2025-12-07 20:48:16 [INFO] django.utils.autoreload: Watching for file changes with StatReloader
2025-12-07 20:48:33 [INFO] django.utils.autoreload: C:\Users\admin\Desktop\WebDatabaseBeta\WebDatabase\WebDataWorld\WebDatabase\account.py changed, reloading.
2025-12-07 20:48:33 [INFO] django.utils.autoreload: Watching for file changes with StatReloader
2025-12-07 20:48:37 [INFO] django.server: "POST /WebDatabase/login HTTP/1.1" 200 6698
2025-12-07 20:49:07 [INFO] django.utils.autoreload: C:\Users\admin\Desktop\WebDatabaseBeta\WebDatabase\WebDataWorld\WebDatabase\account.py changed, reloading.
2025-12-07 20:49:08 [INFO] django.utils.autoreload: Watching for file changes with StatReloader
2025-12-07 20:49:11 [INFO] django.server: "POST /WebDatabase/login HTTP/1.1" 200 6698
2025-12-07 20:50:47 [INFO] django.utils.autoreload: C:\Users\admin\Desktop\WebDatabaseBeta\WebDatabase\WebDataWorld\WebDatabase\account.py changed, reloading.
2025-12-07 20:50:48 [INFO] django.utils.autoreload: Watching for file changes with StatReloader
2025-12-07 20:50:51 [INFO] django.server: "POST /WebDatabase/login HTTP/1.1" 200 6698
2025-12-07 20:51:09 [INFO] django.server: "POST /WebDatabase/login HTTP/1.1" 200 6698
2025-12-07 20:51:12 [INFO] django.server: "POST /WebDatabase/login HTTP/1.1" 200 6698
2025-12-07 20:53:57 [INFO] django.utils.autoreload: C:\Users\admin\Desktop\WebDatabaseBeta\WebDatabase\WebDataWorld\WebDatabase\account.py changed, reloading.
2025-12-07 20:53:58 [INFO] django.utils.autoreload: Watching for file changes with StatReloader
2025-12-07 20:54:05 [ERROR] django.server: "POST /WebDatabase/login HTTP/1.1" 500 112740
2025-12-07 20:54:25 [INFO] django.utils.autoreload: C:\Users\admin\Desktop\WebDatabaseBeta\WebDatabase\WebDataWorld\WebDatabase\account.py changed, reloading.
2025-12-07 20:54:26 [INFO] django.utils.autoreload: Watching for file changes with StatReloader
2025-12-07 20:55:55 [INFO] django.utils.autoreload: C:\Users\admin\Desktop\WebDatabaseBeta\WebDatabase\WebDataWorld\WebDatabase\account.py changed, reloading.
2025-12-07 20:55:55 [INFO] django.utils.autoreload: Watching for file changes with StatReloader
2025-12-07 20:56:04 [INFO] django.utils.autoreload: C:\Users\admin\Desktop\WebDatabaseBeta\WebDatabase\WebDataWorld\WebDatabase\account.py changed, reloading.
2025-12-07 20:56:05 [INFO] django.utils.autoreload: Watching for file changes with StatReloader
2025-12-07 20:56:07 [INFO] django.server: "POST /WebDatabase/login HTTP/1.1" 200 6698
2025-12-07 20:56:13 [INFO] django.server: "GET /WebDatabase/login HTTP/1.1" 200 6682
2025-12-07 20:56:19 [INFO] django.server: "POST /WebDatabase/login HTTP/1.1" 200 6698
2025-12-07 20:56:41 [INFO] django.server: "POST /WebDatabase/login HTTP/1.1" 200 6698
2025-12-07 20:57:23 [INFO] django.utils.autoreload: C:\Users\admin\Desktop\WebDatabaseBeta\WebDatabase\WebDataWorld\WebDatabase\account.py changed, reloading.
2025-12-07 20:57:24 [INFO] django.utils.autoreload: Watching for file changes with StatReloader
2025-12-07 20:57:28 [INFO] django.server: "POST /WebDatabase/login HTTP/1.1" 200 6698
2025-12-07 20:57:42 [INFO] django.server: "POST /WebDatabase/login HTTP/1.1" 200 6698
2025-12-07 20:58:37 [INFO] django.utils.autoreload: C:\Users\admin\Desktop\WebDatabaseBeta\WebDatabase\WebDataWorld\WebDatabase\account.py changed, reloading.
2025-12-07 20:58:38 [INFO] django.utils.autoreload: Watching for file changes with StatReloader
2025-12-07 20:58:48 [INFO] django.utils.autoreload: C:\Users\admin\Desktop\WebDatabaseBeta\WebDatabase\WebDataWorld\WebDatabase\account.py changed, reloading.
2025-12-07 20:58:48 [INFO] django.utils.autoreload: Watching for file changes with StatReloader
2025-12-07 20:58:51 [INFO] django.server: "POST /WebDatabase/login HTTP/1.1" 200 6698
2025-12-07 20:58:56 [INFO] django.server: "POST /WebDatabase/login HTTP/1.1" 200 6698
2025-12-07 20:59:08 [INFO] django.server: "GET /LabDatabase/login HTTP/1.1" 302 0
2025-12-07 20:59:08 [INFO] django.server: "GET /WebDatabase/login HTTP/1.1" 200 6682
2025-12-07 20:59:31 [INFO] django.server: "POST /WebDatabase/login HTTP/1.1" 200 6698
2025-12-07 20:59:53 [INFO] django.utils.autoreload: C:\Users\admin\Desktop\WebDatabaseBeta\WebDatabase\WebDataWorld\WebDatabase\account.py changed, reloading.
2025-12-07 20:59:53 [INFO] django.utils.autoreload: Watching for file changes with StatReloader
2025-12-07 20:59:57 [INFO] django.server: "POST /WebDatabase/login HTTP/1.1" 200 6698
2025-12-07 21:00:00 [INFO] django.server: "POST /WebDatabase/login HTTP/1.1" 200 6698
2025-12-07 21:00:05 [INFO] django.server: "POST /WebDatabase/login HTTP/1.1" 200 6698
2025-12-07 21:00:41 [INFO] django.utils.autoreload: C:\Users\admin\Desktop\WebDatabaseBeta\WebDatabase\WebDataWorld\WebDatabase\account.py changed, reloading.
2025-12-07 21:00:42 [INFO] django.utils.autoreload: Watching for file changes with StatReloader
2025-12-07 21:00:57 [INFO] django.utils.autoreload: C:\Users\admin\Desktop\WebDatabaseBeta\WebDatabase\WebDataWorld\WebDatabase\account.py changed, reloading.
2025-12-07 21:00:57 [INFO] django.utils.autoreload: Watching for file changes with StatReloader
2025-12-07 21:01:00 [INFO] django.server: "POST /WebDatabase/login HTTP/1.1" 200 6698
2025-12-07 21:01:08 [INFO] django.server: "POST /WebDatabase/login HTTP/1.1" 200 6698
2025-12-07 21:01:23 [INFO] django.utils.autoreload: C:\Users\admin\Desktop\WebDatabaseBeta\WebDatabase\WebDataWorld\WebDatabase\account.py changed, reloading.
2025-12-07 21:01:24 [INFO] django.utils.autoreload: Watching for file changes with StatReloader
2025-12-07 21:01:30 [INFO] django.server: "POST /WebDatabase/login HTTP/1.1" 200 6698
2025-12-07 21:04:55 [INFO] django.utils.autoreload: C:\Users\admin\Desktop\WebDatabaseBeta\WebDatabase\WebDataWorld\WebDatabase\account.py changed, reloading.
2025-12-07 21:04:56 [INFO] django.utils.autoreload: Watching for file changes with StatReloader
2025-12-07 21:06:13 [INFO] django.utils.autoreload: C:\Users\admin\Desktop\WebDatabaseBeta\WebDatabase\WebDataWorld\WebDatabase\account.py changed, reloading.
2025-12-07 21:06:14 [INFO] django.utils.autoreload: Watching for file changes with StatReloader
2025-12-07 21:06:18 [INFO] django.server: "POST /WebDatabase/login HTTP/1.1" 200 6698
2025-12-07 21:06:22 [INFO] django.server: "POST /WebDatabase/login HTTP/1.1" 200 6698
2025-12-07 21:07:28 [INFO] django.utils.autoreload: C:\Users\admin\Desktop\WebDatabaseBeta\WebDatabase\WebDataWorld\WebDatabase\account.py changed, reloading.
2025-12-07 21:07:28 [INFO] django.utils.autoreload: Watching for file changes with StatReloader
2025-12-07 21:07:33 [INFO] django.server: "POST /WebDatabase/login HTTP/1.1" 200 6698
2025-12-07 21:10:35 [INFO] django.server: "GET /LabDatabase/login HTTP/1.1" 302 0
2025-12-07 21:10:35 [INFO] django.server: "GET /WebDatabase/login HTTP/1.1" 200 6682
2025-12-07 21:11:53 [WARNING] django.server: "GET /WebDatabase/index HTTP/1.1" 404 35332
2025-12-07 21:12:04 [INFO] django.server: "GET /LabDatabase/index HTTP/1.1" 200 83790
2025-12-07 21:12:04 [INFO] django.server: "GET /WebDatabase/getBackboneValueList/marker HTTP/1.1" 200 227
2025-12-07 21:12:04 [INFO] django.server: "GET /WebDatabase/getBackboneValueList/ori HTTP/1.1" 200 143
2025-12-07 21:12:05 [INFO] django.server: "GET /WebDatabase/getPartScarList HTTP/1.1" 200 172
2025-12-07 21:12:05 [INFO] django.server: "GET /WebDatabase/Part?page=1 HTTP/1.1" 200 1413
2025-12-07 21:12:05 [INFO] django.server: "GET /WebDatabase/getPlasmidValueList/ori HTTP/1.1" 200 142
2025-12-07 21:12:05 [INFO] django.server: "GET /LabDatabase/getdata?type=part&page=1 HTTP/1.1" 200 1413
2025-12-07 21:12:05 [INFO] django.server: "GET /WebDatabase/getBackboneScarList HTTP/1.1" 200 255
2025-12-07 21:12:05 [WARNING] django.server: "GET /static/LabDatabase/bootstrap.bundle.min.js.map HTTP/1.1" 404 1932
2025-12-07 21:12:05 [WARNING] django.server: "GET /static/LabDatabase/bootstrap.min.css.map HTTP/1.1" 404 1914
2025-12-07 21:12:05 [INFO] django.server: "GET /WebDatabase/getPlasmidValueList/marker HTTP/1.1" 200 265
2025-12-07 21:12:05 [INFO] django.server: "GET /WebDatabase/getPlasmidScarList HTTP/1.1" 200 287
2025-12-07 21:12:05 [ERROR] django.server: "GET /WebDatabase/Plasmid?page=1 HTTP/1.1" 500 82179
2025-12-07 21:12:05 [WARNING] django.server: "GET /LabDatabase/getdata?type=plasmid&page=1 HTTP/1.1" 400 2
2025-12-07 21:12:05 [ERROR] django.server: "GET /WebDatabase/Backbone?page=1 HTTP/1.1" 500 167188
2025-12-07 21:12:05 [WARNING] django.server: "GET /LabDatabase/getdata?type=backbone&page=1 HTTP/1.1" 400 2
2025-12-07 21:13:42 [INFO] django.server: "GET /LabDatabase/login HTTP/1.1" 302 0
2025-12-07 21:13:42 [INFO] django.server: "GET /WebDatabase/login HTTP/1.1" 200 6682
2025-12-07 21:14:14 [INFO] django.utils.autoreload: Watching for file changes with StatReloader
2025-12-07 21:14:18 [INFO] django.server: "POST /WebDatabase/login HTTP/1.1" 200 6698
2025-12-07 21:14:33 [INFO] django.server: "GET /LabDatabase/login HTTP/1.1" 302 0
2025-12-07 21:14:33 [INFO] django.server: "GET /WebDatabase/login HTTP/1.1" 200 6682
2025-12-07 21:17:04 [INFO] django.utils.autoreload: C:\Users\admin\Desktop\WebDatabaseBeta\WebDatabase\WebDataWorld\WebDatabase\account.py changed, reloading.
2025-12-07 21:17:05 [INFO] django.utils.autoreload: Watching for file changes with StatReloader
2025-12-07 21:17:17 [INFO] django.server: "GET /WebDatabase/login HTTP/1.1" 200 6682
2025-12-07 21:19:04 [INFO] django.server: "GET /WebDatabase/login HTTP/1.1" 200 6682
2025-12-07 21:19:10 [INFO] django.server: "POST /WebDatabase/login HTTP/1.1" 200 6698
2025-12-07 21:25:50 [INFO] django.utils.autoreload: C:\Users\admin\Desktop\WebDatabaseBeta\WebDatabase\WebDataWorld\WebDatabase\account.py changed, reloading.
2025-12-07 21:25:50 [INFO] django.utils.autoreload: Watching for file changes with StatReloader
2025-12-07 21:26:09 [INFO] django.utils.autoreload: C:\Users\admin\Desktop\WebDatabaseBeta\WebDatabase\WebDataWorld\WebDatabase\urls.py changed, reloading.
2025-12-07 21:26:09 [INFO] django.utils.autoreload: Watching for file changes with StatReloader
2025-12-07 21:26:14 [INFO] django.server: "POST /WebDatabase/login HTTP/1.1" 200 7100
2025-12-07 21:26:19 [INFO] django.server: "POST /WebDatabase/login HTTP/1.1" 200 7100
2025-12-07 21:26:27 [INFO] django.server: "POST /WebDatabase/login HTTP/1.1" 200 7100
2025-12-07 21:26:31 [INFO] django.server: "POST /WebDatabase/login HTTP/1.1" 200 7100
2025-12-07 21:26:49 [INFO] django.utils.autoreload: C:\Users\admin\Desktop\WebDatabaseBeta\WebDatabase\WebDataWorld\WebDatabase\account.py changed, reloading.
2025-12-07 21:26:49 [INFO] django.utils.autoreload: Watching for file changes with StatReloader
2025-12-07 21:27:03 [INFO] django.server: "GET /LabDatabase/login HTTP/1.1" 302 0
2025-12-07 21:27:04 [INFO] django.server: "GET /WebDatabase/login HTTP/1.1" 200 7153
2025-12-07 21:27:13 [INFO] django.server: "POST /WebDatabase/login HTTP/1.1" 200 7100
2025-12-07 21:27:23 [INFO] django.server: "POST /WebDatabase/login HTTP/1.1" 200 7101
2025-12-07 21:27:53 [INFO] django.utils.autoreload: C:\Users\admin\Desktop\WebDatabaseBeta\WebDatabase\WebDataWorld\WebDatabase\account.py changed, reloading.
2025-12-07 21:27:54 [INFO] django.utils.autoreload: Watching for file changes with StatReloader
2025-12-07 21:28:01 [INFO] django.server: "GET /LabDatabase/login HTTP/1.1" 302 0
2025-12-07 21:28:01 [INFO] django.server: "GET /WebDatabase/login HTTP/1.1" 200 7153
2025-12-07 21:28:05 [INFO] django.server: "POST /WebDatabase/login HTTP/1.1" 200 7100
2025-12-07 21:28:29 [INFO] django.utils.autoreload: C:\Users\admin\Desktop\WebDatabaseBeta\WebDatabase\WebDataWorld\WebDatabase\account.py changed, reloading.
2025-12-07 21:28:30 [INFO] django.utils.autoreload: Watching for file changes with StatReloader
2025-12-07 21:28:33 [INFO] django.server: "POST /WebDatabase/login HTTP/1.1" 200 7100
2025-12-07 21:28:38 [INFO] django.server: "POST /WebDatabase/login HTTP/1.1" 200 7100
2025-12-07 21:28:49 [INFO] django.server: "POST /WebDatabase/login HTTP/1.1" 200 7101
2025-12-07 21:29:43 [INFO] django.server: "POST /WebDatabase/login HTTP/1.1" 200 7101
2025-12-07 21:29:54 [INFO] django.server: "GET /LabDatabase/login HTTP/1.1" 302 0
2025-12-07 21:29:54 [INFO] django.server: "GET /WebDatabase/login HTTP/1.1" 200 7153
2025-12-07 21:30:31 [INFO] django.server: "POST /WebDatabase/login HTTP/1.1" 200 7101
2025-12-07 21:31:13 [INFO] django.utils.autoreload: C:\Users\admin\Desktop\WebDatabaseBeta\WebDatabase\WebDataWorld\WebDatabase\account.py changed, reloading.
2025-12-07 21:31:13 [INFO] django.utils.autoreload: Watching for file changes with StatReloader
2025-12-07 21:31:25 [INFO] django.server: "GET /LabDatabase/login HTTP/1.1" 302 0
2025-12-07 21:31:25 [INFO] django.server: "GET /WebDatabase/login HTTP/1.1" 200 6682
2025-12-07 21:31:37 [INFO] django.server: "POST /WebDatabase/login HTTP/1.1" 200 7101
2025-12-07 21:33:40 [INFO] django.utils.autoreload: C:\Users\admin\Desktop\WebDatabaseBeta\WebDatabase\WebDataWorld\WebDatabase\account.py changed, reloading.
2025-12-07 21:33:41 [INFO] django.utils.autoreload: Watching for file changes with StatReloader
2025-12-07 21:33:50 [INFO] django.server: "GET /LabDatabase/login HTTP/1.1" 302 0
2025-12-07 21:33:50 [INFO] django.server: "GET /WebDatabase/login HTTP/1.1" 200 6682
2025-12-07 21:33:58 [INFO] django.server: "POST /WebDatabase/login HTTP/1.1" 200 7101
2025-12-07 21:34:23 [INFO] django.utils.autoreload: C:\Users\admin\Desktop\WebDatabaseBeta\WebDatabase\WebDataWorld\WebDatabase\account.py changed, reloading.
2025-12-07 21:34:23 [INFO] django.utils.autoreload: Watching for file changes with StatReloader
2025-12-07 21:35:19 [INFO] django.server: "POST /WebDatabase/login HTTP/1.1" 200 7101
2025-12-07 21:35:28 [INFO] django.server: "GET /LabDatabase/login HTTP/1.1" 302 0
2025-12-07 21:35:28 [INFO] django.server: "GET /WebDatabase/login HTTP/1.1" 200 6682
2025-12-07 21:35:35 [INFO] django.server: "POST /WebDatabase/login HTTP/1.1" 200 7101
2025-12-07 21:36:56 [INFO] django.utils.autoreload: C:\Users\admin\Desktop\WebDatabaseBeta\WebDatabase\WebDataWorld\WebDatabase\account.py changed, reloading.
2025-12-07 21:36:56 [INFO] django.utils.autoreload: Watching for file changes with StatReloader
2025-12-07 21:37:01 [INFO] django.server: "POST /WebDatabase/login HTTP/1.1" 200 7101
2025-12-07 21:37:52 [INFO] django.server: "POST /WebDatabase/login HTTP/1.1" 200 7500
2025-12-07 21:39:15 [INFO] django.utils.autoreload: C:\Users\admin\Desktop\WebDatabaseBeta\WebDatabase\WebDataWorld\WebDatabase\account.py changed, reloading.
2025-12-07 21:39:16 [INFO] django.utils.autoreload: Watching for file changes with StatReloader
2025-12-07 21:39:19 [INFO] django.server: "POST /WebDatabase/login HTTP/1.1" 200 7101
2025-12-07 21:39:26 [INFO] django.server: "POST /WebDatabase/login HTTP/1.1" 200 7101
2025-12-07 21:41:06 [INFO] django.utils.autoreload: E:\Anaconda\Lib\site-packages\django\forms\forms.py changed, reloading.
2025-12-07 21:41:06 [INFO] django.utils.autoreload: Watching for file changes with StatReloader
2025-12-07 21:41:18 [INFO] django.server: "POST /WebDatabase/login HTTP/1.1" 200 7101
2025-12-07 21:41:30 [INFO] django.utils.autoreload: C:\Users\admin\Desktop\WebDatabaseBeta\WebDatabase\WebDataWorld\WebDatabase\account.py changed, reloading.
2025-12-07 21:41:31 [INFO] django.utils.autoreload: Watching for file changes with StatReloader
2025-12-07 21:41:40 [INFO] django.server: "POST /WebDatabase/login HTTP/1.1" 200 7101
2025-12-07 21:45:11 [INFO] django.utils.autoreload: C:\Users\admin\Desktop\WebDatabaseBeta\WebDatabase\WebDataWorld\WebDatabase\account.py changed, reloading.
2025-12-07 21:45:11 [INFO] django.utils.autoreload: Watching for file changes with StatReloader
2025-12-07 21:45:16 [INFO] django.server: "POST /WebDatabase/login HTTP/1.1" 200 7125
2025-12-07 21:46:20 [INFO] django.utils.autoreload: C:\Users\admin\Desktop\WebDatabaseBeta\WebDatabase\WebDataWorld\WebDatabase\account.py changed, reloading.
2025-12-07 21:46:21 [INFO] django.utils.autoreload: Watching for file changes with StatReloader
2025-12-07 21:46:28 [INFO] django.server: "POST /WebDatabase/login HTTP/1.1" 200 7125
2025-12-07 21:47:46 [INFO] django.utils.autoreload: C:\Users\admin\Desktop\WebDatabaseBeta\WebDatabase\WebDataWorld\WebDatabase\account.py changed, reloading.
2025-12-07 21:47:46 [INFO] django.utils.autoreload: Watching for file changes with StatReloader
2025-12-07 21:47:54 [INFO] django.server: "POST /WebDatabase/login HTTP/1.1" 200 7125
2025-12-07 21:48:46 [INFO] django.utils.autoreload: C:\Users\admin\Desktop\WebDatabaseBeta\WebDatabase\WebDataWorld\WebDatabase\account.py changed, reloading.
2025-12-07 21:48:47 [INFO] django.utils.autoreload: Watching for file changes with StatReloader
2025-12-07 21:48:52 [INFO] django.server: "POST /WebDatabase/login HTTP/1.1" 200 7125
2025-12-07 21:50:19 [INFO] django.utils.autoreload: C:\Users\admin\Desktop\WebDatabaseBeta\WebDatabase\WebDataWorld\WebDatabase\account.py changed, reloading.
2025-12-07 21:50:20 [INFO] django.utils.autoreload: Watching for file changes with StatReloader
2025-12-07 21:50:23 [INFO] django.utils.autoreload: C:\Users\admin\Desktop\WebDatabaseBeta\WebDatabase\WebDataWorld\WebDatabase\account.py changed, reloading.
2025-12-07 21:50:23 [INFO] django.utils.autoreload: Watching for file changes with StatReloader
2025-12-07 21:50:28 [INFO] django.server: "POST /WebDatabase/login HTTP/1.1" 200 7125
2025-12-07 21:50:33 [INFO] django.server: "POST /WebDatabase/login HTTP/1.1" 200 7125
2025-12-07 21:51:03 [INFO] django.utils.autoreload: C:\Users\admin\Desktop\WebDatabaseBeta\WebDatabase\WebDataWorld\WebDatabase\account.py changed, reloading.
2025-12-07 21:51:04 [INFO] django.utils.autoreload: Watching for file changes with StatReloader
2025-12-07 21:51:09 [INFO] django.server: "POST /WebDatabase/login HTTP/1.1" 200 7125
2025-12-07 21:51:17 [INFO] django.server: "POST /WebDatabase/login HTTP/1.1" 200 7125
2025-12-07 21:51:20 [INFO] django.server: "GET /WebDatabase/register HTTP/1.1" 200 6123
2025-12-07 21:51:38 [ERROR] django.server: "POST /WebDatabase/register HTTP/1.1" 500 203890
2025-12-07 21:53:50 [INFO] django.utils.autoreload: C:\Users\admin\Desktop\WebDatabaseBeta\WebDatabase\WebDataWorld\WebDatabase\account.py changed, reloading.
2025-12-07 21:53:51 [INFO] django.utils.autoreload: Watching for file changes with StatReloader
2025-12-07 21:54:34 [INFO] django.utils.autoreload: C:\Users\admin\Desktop\WebDatabaseBeta\WebDatabase\WebDataWorld\WebDatabase\account.py changed, reloading.
2025-12-07 21:54:34 [INFO] django.utils.autoreload: Watching for file changes with StatReloader
2025-12-07 21:54:41 [INFO] django.utils.autoreload: C:\Users\admin\Desktop\WebDatabaseBeta\WebDatabase\WebDataWorld\WebDatabase\account.py changed, reloading.
2025-12-07 21:54:41 [INFO] django.utils.autoreload: Watching for file changes with StatReloader
2025-12-07 21:54:43 [ERROR] django.server: "POST /WebDatabase/register HTTP/1.1" 500 79472
2025-12-07 21:54:52 [INFO] django.utils.autoreload: C:\Users\admin\Desktop\WebDatabaseBeta\WebDatabase\WebDataWorld\WebDatabase\account.py changed, reloading.
2025-12-07 21:54:53 [INFO] django.utils.autoreload: Watching for file changes with StatReloader
2025-12-07 21:54:56 [ERROR] django.server: "POST /WebDatabase/register HTTP/1.1" 500 203933
2025-12-07 21:55:14 [ERROR] django.server: "POST /WebDatabase/register HTTP/1.1" 500 203933
2025-12-07 21:55:23 [INFO] django.server: "GET /LabDatabase/register HTTP/1.1" 302 0
2025-12-07 21:55:23 [INFO] django.server: "GET /WebDatabase/register HTTP/1.1" 200 6123
2025-12-07 21:55:36 [ERROR] django.server: "POST /WebDatabase/register HTTP/1.1" 500 203933
2025-12-07 22:02:01 [INFO] django.utils.autoreload: C:\Users\admin\Desktop\WebDatabaseBeta\WebDatabase\WebDataWorld\WebDatabase\models.py changed, reloading.
2025-12-07 22:02:01 [INFO] django.utils.autoreload: Watching for file changes with StatReloader
2025-12-07 22:02:51 [ERROR] django.server: "POST /WebDatabase/register HTTP/1.1" 500 203932
2025-12-07 22:02:57 [INFO] django.server: "GET /LabDatabase/register HTTP/1.1" 302 0
2025-12-07 22:02:57 [INFO] django.server: "GET /WebDatabase/register HTTP/1.1" 200 6123
2025-12-07 22:03:12 [ERROR] django.server: "POST /WebDatabase/register HTTP/1.1" 500 203932
2025-12-07 22:06:05 [INFO] django.utils.autoreload: C:\Users\admin\Desktop\WebDatabaseBeta\WebDatabase\WebDataWorld\WebDatabase\account.py changed, reloading.
2025-12-07 22:06:06 [INFO] django.utils.autoreload: Watching for file changes with StatReloader
2025-12-07 22:06:09 [INFO] django.utils.autoreload: C:\Users\admin\Desktop\WebDatabaseBeta\WebDatabase\WebDataWorld\WebDatabase\account.py changed, reloading.
2025-12-07 22:06:10 [INFO] django.utils.autoreload: Watching for file changes with StatReloader
2025-12-07 22:06:28 [INFO] django.utils.autoreload: C:\Users\admin\Desktop\WebDatabaseBeta\WebDatabase\WebDataWorld\WebDatabase\account.py changed, reloading.
2025-12-07 22:06:28 [INFO] django.utils.autoreload: Watching for file changes with StatReloader
2025-12-07 22:06:36 [INFO] django.server: "GET /LabDatabase/register HTTP/1.1" 302 0
2025-12-07 22:06:36 [INFO] django.server: "GET /WebDatabase/register HTTP/1.1" 200 6123
2025-12-07 22:06:47 [INFO] django.server: "POST /WebDatabase/register HTTP/1.1" 200 6235
2025-12-07 22:07:01 [ERROR] django.server: "POST /WebDatabase/register HTTP/1.1" 500 204027
2025-12-07 22:12:27 [INFO] django.utils.autoreload: C:\Users\admin\Desktop\WebDatabaseBeta\WebDatabase\WebDataWorld\WebDatabase\models.py changed, reloading.
2025-12-07 22:12:28 [INFO] django.utils.autoreload: Watching for file changes with StatReloader
2025-12-07 22:13:10 [INFO] django.utils.autoreload: C:\Users\admin\Desktop\WebDatabaseBeta\WebDatabase\WebDataWorld\WebDatabase\models.py changed, reloading.
2025-12-07 22:13:11 [INFO] django.utils.autoreload: Watching for file changes with StatReloader
2025-12-07 22:13:16 [ERROR] django.server: "POST /WebDatabase/register HTTP/1.1" 500 75833
2025-12-07 22:13:32 [INFO] django.server: "GET /LabDatabase/register HTTP/1.1" 302 0
2025-12-07 22:13:32 [INFO] django.server: "GET /WebDatabase/register HTTP/1.1" 200 6123
2025-12-07 22:13:42 [INFO] django.server: "POST /WebDatabase/register HTTP/1.1" 200 6243
2025-12-07 22:14:12 [ERROR] django.server: "POST /WebDatabase/register HTTP/1.1" 500 75833
2025-12-07 22:14:30 [INFO] django.utils.autoreload: C:\Users\admin\Desktop\WebDatabaseBeta\WebDatabase\WebDataWorld\WebDatabase\account.py changed, reloading.
2025-12-07 22:14:31 [INFO] django.utils.autoreload: Watching for file changes with StatReloader
2025-12-07 22:14:42 [INFO] django.server: "GET /LabDatabase/register HTTP/1.1" 302 0
2025-12-07 22:14:42 [INFO] django.server: "GET /WebDatabase/register HTTP/1.1" 200 6123
2025-12-07 22:14:55 [ERROR] django.server: "POST /WebDatabase/register HTTP/1.1" 500 89349
2025-12-07 22:16:01 [INFO] django.utils.autoreload: C:\Users\admin\Desktop\WebDatabaseBeta\WebDatabase\WebDataWorld\WebDatabase\account.py changed, reloading.
2025-12-07 22:16:02 [INFO] django.utils.autoreload: Watching for file changes with StatReloader
2025-12-07 22:16:28 [INFO] django.server: "POST /WebDatabase/register HTTP/1.1" 200 6243
2025-12-07 22:16:31 [INFO] django.server: "GET /myapp/login HTTP/1.1" 302 0
2025-12-07 22:16:31 [INFO] django.server: "GET /WebDatabase/login HTTP/1.1" 200 6682
2025-12-07 22:16:37 [INFO] django.server: "POST /WebDatabase/login HTTP/1.1" 200 7120
2025-12-07 22:16:46 [INFO] django.server: "POST /WebDatabase/login HTTP/1.1" 200 7120
2025-12-07 22:17:46 [INFO] django.utils.autoreload: C:\Users\admin\Desktop\WebDatabaseBeta\WebDatabase\WebDataWorld\WebDatabase\account.py changed, reloading.
2025-12-07 22:17:46 [INFO] django.utils.autoreload: Watching for file changes with StatReloader
2025-12-07 22:17:52 [INFO] django.server: "POST /WebDatabase/login HTTP/1.1" 200 7120
2025-12-07 22:19:16 [INFO] django.utils.autoreload: C:\Users\admin\Desktop\WebDatabaseBeta\WebDatabase\WebDataWorld\WebDatabase\account.py changed, reloading.
2025-12-07 22:19:17 [INFO] django.utils.autoreload: Watching for file changes with StatReloader
2025-12-07 22:19:22 [INFO] django.utils.autoreload: C:\Users\admin\Desktop\WebDatabaseBeta\WebDatabase\WebDataWorld\WebDatabase\account.py changed, reloading.
2025-12-07 22:19:23 [INFO] django.utils.autoreload: Watching for file changes with StatReloader
2025-12-07 22:19:29 [INFO] django.server: "POST /WebDatabase/login HTTP/1.1" 200 7120
2025-12-07 22:19:56 [INFO] django.utils.autoreload: C:\Users\admin\Desktop\WebDatabaseBeta\WebDatabase\WebDataWorld\WebDatabase\account.py changed, reloading.
2025-12-07 22:19:57 [INFO] django.utils.autoreload: Watching for file changes with StatReloader
2025-12-07 22:20:04 [INFO] django.server: "POST /WebDatabase/login HTTP/1.1" 200 7120
2025-12-07 22:21:02 [INFO] django.utils.autoreload: C:\Users\admin\Desktop\WebDatabaseBeta\WebDatabase\WebDataWorld\WebDatabase\account.py changed, reloading.
2025-12-07 22:21:02 [INFO] django.utils.autoreload: Watching for file changes with StatReloader
2025-12-07 22:21:12 [INFO] django.server: "POST /WebDatabase/login HTTP/1.1" 302 0
2025-12-07 22:21:12 [INFO] django.server: "GET /LabDatabase/index HTTP/1.1" 302 0
2025-12-07 22:21:12 [INFO] django.server: "GET /WebDatabase/login HTTP/1.1" 302 0
2025-12-07 22:21:12 [INFO] django.server: "GET /WebDatabase/LabDatabase/index HTTP/1.1" 302 0
2025-12-07 22:21:12 [INFO] django.server: "GET /WebDatabase/login HTTP/1.1" 302 0
2025-12-07 22:21:12 [INFO] django.server: "GET /WebDatabase/LabDatabase/index HTTP/1.1" 302 0
2025-12-07 22:21:12 [INFO] django.server: "GET /WebDatabase/login HTTP/1.1" 302 0
2025-12-07 22:21:12 [INFO] django.server: "GET /WebDatabase/LabDatabase/index HTTP/1.1" 302 0
2025-12-07 22:21:12 [INFO] django.server: "GET /WebDatabase/login HTTP/1.1" 302 0
2025-12-07 22:21:12 [INFO] django.server: "GET /WebDatabase/LabDatabase/index HTTP/1.1" 302 0
2025-12-07 22:21:12 [INFO] django.server: "GET /WebDatabase/login HTTP/1.1" 302 0
2025-12-07 22:21:12 [INFO] django.server: "GET /WebDatabase/LabDatabase/index HTTP/1.1" 302 0
2025-12-07 22:21:12 [INFO] django.server: "GET /WebDatabase/login HTTP/1.1" 302 0
2025-12-07 22:21:12 [INFO] django.server: "GET /WebDatabase/LabDatabase/index HTTP/1.1" 302 0
2025-12-07 22:21:12 [INFO] django.server: "GET /WebDatabase/login HTTP/1.1" 302 0
2025-12-07 22:21:12 [INFO] django.server: "GET /WebDatabase/LabDatabase/index HTTP/1.1" 302 0
2025-12-07 22:21:12 [INFO] django.server: "GET /WebDatabase/login HTTP/1.1" 302 0
2025-12-07 22:21:12 [INFO] django.server: "GET /WebDatabase/LabDatabase/index HTTP/1.1" 302 0
2025-12-07 22:21:12 [INFO] django.server: "GET /WebDatabase/login HTTP/1.1" 302 0
2025-12-07 22:21:12 [INFO] django.server: "GET /WebDatabase/LabDatabase/index HTTP/1.1" 302 0
2025-12-07 22:21:13 [INFO] django.server: "GET /WebDatabase/LabDatabase/index HTTP/1.1" 302 0
2025-12-07 22:21:13 [INFO] django.server: "GET /WebDatabase/login HTTP/1.1" 302 0
2025-12-07 22:21:13 [INFO] django.server: "GET /WebDatabase/LabDatabase/index HTTP/1.1" 302 0
2025-12-07 22:21:13 [INFO] django.server: "GET /WebDatabase/login HTTP/1.1" 302 0
2025-12-07 22:21:13 [INFO] django.server: "GET /WebDatabase/LabDatabase/index HTTP/1.1" 302 0
2025-12-07 22:21:13 [INFO] django.server: "GET /WebDatabase/login HTTP/1.1" 302 0
2025-12-07 22:21:13 [INFO] django.server: "GET /WebDatabase/LabDatabase/index HTTP/1.1" 302 0
2025-12-07 22:21:13 [INFO] django.server: "GET /WebDatabase/login HTTP/1.1" 302 0
2025-12-07 22:21:13 [INFO] django.server: "GET /WebDatabase/LabDatabase/index HTTP/1.1" 302 0
2025-12-07 22:21:13 [INFO] django.server: "GET /WebDatabase/login HTTP/1.1" 302 0
2025-12-07 22:21:13 [INFO] django.server: "GET /WebDatabase/LabDatabase/index HTTP/1.1" 302 0
2025-12-07 22:21:13 [INFO] django.server: "GET /WebDatabase/login HTTP/1.1" 302 0
2025-12-07 22:21:13 [INFO] django.server: "GET /WebDatabase/LabDatabase/index HTTP/1.1" 302 0
2025-12-07 22:21:13 [INFO] django.server: "GET /WebDatabase/login HTTP/1.1" 302 0
2025-12-07 22:21:13 [INFO] django.server: "GET /WebDatabase/LabDatabase/index HTTP/1.1" 302 0
2025-12-07 22:21:13 [INFO] django.server: "GET /WebDatabase/login HTTP/1.1" 302 0
2025-12-07 22:21:13 [INFO] django.server: "GET /WebDatabase/LabDatabase/index HTTP/1.1" 302 0
2025-12-07 22:21:13 [INFO] django.server: "GET /WebDatabase/login HTTP/1.1" 302 0
2025-12-07 22:21:13 [INFO] django.server: "GET /WebDatabase/LabDatabase/index HTTP/1.1" 302 0
2025-12-07 22:21:13 [INFO] django.server: "GET /WebDatabase/login HTTP/1.1" 302 0
2025-12-07 22:21:18 [INFO] django.server: "GET /WebDatabase/login HTTP/1.1" 302 0
2025-12-07 22:21:18 [INFO] django.server: "GET /WebDatabase/LabDatabase/index HTTP/1.1" 302 0
2025-12-07 22:21:18 [INFO] django.server: "GET /WebDatabase/login HTTP/1.1" 302 0
2025-12-07 22:21:18 [INFO] django.server: "GET /WebDatabase/LabDatabase/index HTTP/1.1" 302 0
2025-12-07 22:21:18 [INFO] django.server: "GET /WebDatabase/login HTTP/1.1" 302 0
2025-12-07 22:21:18 [INFO] django.server: "GET /WebDatabase/LabDatabase/index HTTP/1.1" 302 0
2025-12-07 22:21:18 [INFO] django.server: "GET /WebDatabase/login HTTP/1.1" 302 0
2025-12-07 22:21:18 [INFO] django.server: "GET /WebDatabase/LabDatabase/index HTTP/1.1" 302 0
2025-12-07 22:21:18 [INFO] django.server: "GET /WebDatabase/login HTTP/1.1" 302 0
2025-12-07 22:21:18 [INFO] django.server: "GET /WebDatabase/LabDatabase/index HTTP/1.1" 302 0
2025-12-07 22:21:18 [INFO] django.server: "GET /WebDatabase/login HTTP/1.1" 302 0
2025-12-07 22:21:18 [INFO] django.server: "GET /WebDatabase/LabDatabase/index HTTP/1.1" 302 0
2025-12-07 22:21:18 [INFO] django.server: "GET /WebDatabase/login HTTP/1.1" 302 0
2025-12-07 22:21:18 [INFO] django.server: "GET /WebDatabase/LabDatabase/index HTTP/1.1" 302 0
2025-12-07 22:21:18 [INFO] django.server: "GET /WebDatabase/login HTTP/1.1" 302 0
2025-12-07 22:21:18 [INFO] django.server: "GET /WebDatabase/LabDatabase/index HTTP/1.1" 302 0
2025-12-07 22:21:18 [INFO] django.server: "GET /WebDatabase/login HTTP/1.1" 302 0
2025-12-07 22:21:18 [INFO] django.server: "GET /WebDatabase/LabDatabase/index HTTP/1.1" 302 0
2025-12-07 22:21:18 [INFO] django.server: "GET /WebDatabase/login HTTP/1.1" 302 0
2025-12-07 22:21:18 [INFO] django.server: "GET /WebDatabase/LabDatabase/index HTTP/1.1" 302 0
2025-12-07 22:21:38 [INFO] django.utils.autoreload: Watching for file changes with StatReloader
2025-12-07 22:21:49 [INFO] django.server: "GET /LabDatabase/login HTTP/1.1" 302 0
2025-12-07 22:21:49 [INFO] django.server: "GET /WebDatabase/login HTTP/1.1" 302 0
2025-12-07 22:21:49 [INFO] django.server: "GET /WebDatabase/LabDatabase/index HTTP/1.1" 302 0
2025-12-07 22:21:49 [INFO] django.server: "GET /WebDatabase/login HTTP/1.1" 302 0
2025-12-07 22:21:49 [INFO] django.server: "GET /WebDatabase/LabDatabase/index HTTP/1.1" 302 0
2025-12-07 22:21:49 [INFO] django.server: "GET /WebDatabase/login HTTP/1.1" 302 0
2025-12-07 22:21:49 [INFO] django.server: "GET /WebDatabase/LabDatabase/index HTTP/1.1" 302 0
2025-12-07 22:21:49 [INFO] django.server: "GET /WebDatabase/login HTTP/1.1" 302 0
2025-12-07 22:21:49 [INFO] django.server: "GET /WebDatabase/LabDatabase/index HTTP/1.1" 302 0
2025-12-07 22:21:49 [INFO] django.server: "GET /WebDatabase/login HTTP/1.1" 302 0
2025-12-07 22:21:49 [INFO] django.server: "GET /WebDatabase/LabDatabase/index HTTP/1.1" 302 0
2025-12-07 22:21:49 [INFO] django.server: "GET /WebDatabase/login HTTP/1.1" 302 0
2025-12-07 22:21:49 [INFO] django.server: "GET /WebDatabase/LabDatabase/index HTTP/1.1" 302 0
2025-12-07 22:21:49 [INFO] django.server: "GET /WebDatabase/login HTTP/1.1" 302 0
2025-12-07 22:21:49 [INFO] django.server: "GET /WebDatabase/LabDatabase/index HTTP/1.1" 302 0
2025-12-07 22:21:49 [INFO] django.server: "GET /WebDatabase/login HTTP/1.1" 302 0
2025-12-07 22:21:49 [INFO] django.server: "GET /WebDatabase/LabDatabase/index HTTP/1.1" 302 0
2025-12-07 22:21:49 [INFO] django.server: "GET /WebDatabase/login HTTP/1.1" 302 0
2025-12-07 22:21:49 [INFO] django.server: "GET /WebDatabase/LabDatabase/index HTTP/1.1" 302 0
2025-12-07 22:21:49 [INFO] django.server: "GET /WebDatabase/login HTTP/1.1" 302 0
2025-12-07 22:21:50 [INFO] django.server: "GET /WebDatabase/login HTTP/1.1" 302 0
2025-12-07 22:21:50 [INFO] django.server: "GET /WebDatabase/LabDatabase/index HTTP/1.1" 302 0
2025-12-07 22:21:50 [INFO] django.server: "GET /WebDatabase/login HTTP/1.1" 302 0
2025-12-07 22:21:50 [INFO] django.server: "GET /WebDatabase/LabDatabase/index HTTP/1.1" 302 0
2025-12-07 22:21:50 [INFO] django.server: "GET /WebDatabase/login HTTP/1.1" 302 0
2025-12-07 22:21:50 [INFO] django.server: "GET /WebDatabase/LabDatabase/index HTTP/1.1" 302 0
2025-12-07 22:21:50 [INFO] django.server: "GET /WebDatabase/login HTTP/1.1" 302 0
2025-12-07 22:21:50 [INFO] django.server: "GET /WebDatabase/LabDatabase/index HTTP/1.1" 302 0
2025-12-07 22:21:50 [INFO] django.server: "GET /WebDatabase/login HTTP/1.1" 302 0
2025-12-07 22:21:50 [INFO] django.server: "GET /WebDatabase/LabDatabase/index HTTP/1.1" 302 0
2025-12-07 22:21:50 [INFO] django.server: "GET /WebDatabase/login HTTP/1.1" 302 0
2025-12-07 22:21:50 [INFO] django.server: "GET /WebDatabase/LabDatabase/index HTTP/1.1" 302 0
2025-12-07 22:21:50 [INFO] django.server: "GET /WebDatabase/login HTTP/1.1" 302 0
2025-12-07 22:21:50 [INFO] django.server: "GET /WebDatabase/LabDatabase/index HTTP/1.1" 302 0
2025-12-07 22:21:50 [INFO] django.server: "GET /WebDatabase/login HTTP/1.1" 302 0
2025-12-07 22:21:50 [INFO] django.server: "GET /WebDatabase/LabDatabase/index HTTP/1.1" 302 0
2025-12-07 22:21:50 [INFO] django.server: "GET /WebDatabase/login HTTP/1.1" 302 0
2025-12-07 22:21:50 [INFO] django.server: "GET /WebDatabase/LabDatabase/index HTTP/1.1" 302 0
2025-12-07 22:21:50 [INFO] django.server: "GET /WebDatabase/login HTTP/1.1" 302 0
2025-12-07 22:21:50 [INFO] django.server: "GET /WebDatabase/LabDatabase/index HTTP/1.1" 302 0
2025-12-07 22:21:55 [INFO] django.server: "GET /WebDatabase/LabDatabase/index HTTP/1.1" 302 0
2025-12-07 22:21:55 [INFO] django.server: "GET /WebDatabase/login HTTP/1.1" 302 0
2025-12-07 22:21:55 [INFO] django.server: "GET /WebDatabase/LabDatabase/index HTTP/1.1" 302 0
2025-12-07 22:21:55 [INFO] django.server: "GET /WebDatabase/login HTTP/1.1" 302 0
2025-12-07 22:21:55 [INFO] django.server: "GET /WebDatabase/LabDatabase/index HTTP/1.1" 302 0
2025-12-07 22:21:55 [INFO] django.server: "GET /WebDatabase/login HTTP/1.1" 302 0
2025-12-07 22:21:55 [INFO] django.server: "GET /WebDatabase/LabDatabase/index HTTP/1.1" 302 0
2025-12-07 22:21:55 [INFO] django.server: "GET /WebDatabase/login HTTP/1.1" 302 0
2025-12-07 22:21:55 [INFO] django.server: "GET /WebDatabase/LabDatabase/index HTTP/1.1" 302 0
2025-12-07 22:21:55 [INFO] django.server: "GET /WebDatabase/login HTTP/1.1" 302 0
2025-12-07 22:21:55 [INFO] django.server: "GET /WebDatabase/LabDatabase/index HTTP/1.1" 302 0
2025-12-07 22:21:55 [INFO] django.server: "GET /WebDatabase/login HTTP/1.1" 302 0
2025-12-07 22:21:55 [INFO] django.server: "GET /WebDatabase/LabDatabase/index HTTP/1.1" 302 0
2025-12-07 22:21:55 [INFO] django.server: "GET /WebDatabase/login HTTP/1.1" 302 0
2025-12-07 22:21:55 [INFO] django.server: "GET /WebDatabase/LabDatabase/index HTTP/1.1" 302 0
2025-12-07 22:21:55 [INFO] django.server: "GET /WebDatabase/login HTTP/1.1" 302 0
2025-12-07 22:21:55 [INFO] django.server: "GET /WebDatabase/LabDatabase/index HTTP/1.1" 302 0
2025-12-07 22:21:55 [INFO] django.server: "GET /WebDatabase/login HTTP/1.1" 302 0
2025-12-07 22:21:55 [INFO] django.server: "GET /WebDatabase/LabDatabase/index HTTP/1.1" 302 0
2025-12-07 22:21:55 [INFO] django.server: "GET /WebDatabase/login HTTP/1.1" 302 0
2025-12-07 22:23:32 [INFO] django.utils.autoreload: Watching for file changes with StatReloader
2025-12-07 22:23:37 [INFO] django.server: "GET /WebDatabase/login HTTP/1.1" 302 0
2025-12-07 22:23:37 [INFO] django.server: "GET /WebDatabase/LabDatabase/index HTTP/1.1" 302 0
2025-12-07 22:23:37 [INFO] django.server: "GET /WebDatabase/login HTTP/1.1" 302 0
2025-12-07 22:23:37 [INFO] django.server: "GET /WebDatabase/LabDatabase/index HTTP/1.1" 302 0
2025-12-07 22:23:37 [INFO] django.server: "GET /WebDatabase/login HTTP/1.1" 302 0
2025-12-07 22:23:37 [INFO] django.server: "GET /WebDatabase/LabDatabase/index HTTP/1.1" 302 0
2025-12-07 22:23:37 [INFO] django.server: "GET /WebDatabase/login HTTP/1.1" 302 0
2025-12-07 22:23:37 [INFO] django.server: "GET /WebDatabase/LabDatabase/index HTTP/1.1" 302 0
2025-12-07 22:23:37 [INFO] django.server: "GET /WebDatabase/login HTTP/1.1" 302 0
2025-12-07 22:23:37 [INFO] django.server: "GET /WebDatabase/LabDatabase/index HTTP/1.1" 302 0
2025-12-07 22:23:37 [INFO] django.server: "GET /WebDatabase/login HTTP/1.1" 302 0
2025-12-07 22:23:37 [INFO] django.server: "GET /WebDatabase/LabDatabase/index HTTP/1.1" 302 0
2025-12-07 22:23:37 [INFO] django.server: "GET /WebDatabase/login HTTP/1.1" 302 0
2025-12-07 22:23:37 [INFO] django.server: "GET /WebDatabase/LabDatabase/index HTTP/1.1" 302 0
2025-12-07 22:23:37 [INFO] django.server: "GET /WebDatabase/login HTTP/1.1" 302 0
2025-12-07 22:23:37 [INFO] django.server: "GET /WebDatabase/LabDatabase/index HTTP/1.1" 302 0
2025-12-07 22:23:37 [INFO] django.server: "GET /WebDatabase/login HTTP/1.1" 302 0
2025-12-07 22:23:37 [INFO] django.server: "GET /WebDatabase/LabDatabase/index HTTP/1.1" 302 0
2025-12-07 22:23:37 [INFO] django.server: "GET /WebDatabase/login HTTP/1.1" 302 0
2025-12-07 22:23:37 [INFO] django.server: "GET /WebDatabase/LabDatabase/index HTTP/1.1" 302 0
2025-12-07 22:23:38 [INFO] django.server: "GET /WebDatabase/LabDatabase/index HTTP/1.1" 302 0
2025-12-07 22:23:38 [INFO] django.server: "GET /WebDatabase/login HTTP/1.1" 302 0
2025-12-07 22:23:38 [INFO] django.server: "GET /WebDatabase/LabDatabase/index HTTP/1.1" 302 0
2025-12-07 22:23:38 [INFO] django.server: "GET /WebDatabase/login HTTP/1.1" 302 0
2025-12-07 22:23:38 [INFO] django.server: "GET /WebDatabase/LabDatabase/index HTTP/1.1" 302 0
2025-12-07 22:23:38 [INFO] django.server: "GET /WebDatabase/login HTTP/1.1" 302 0
2025-12-07 22:23:38 [INFO] django.server: "GET /WebDatabase/LabDatabase/index HTTP/1.1" 302 0
2025-12-07 22:23:38 [INFO] django.server: "GET /WebDatabase/login HTTP/1.1" 302 0
2025-12-07 22:23:38 [INFO] django.server: "GET /WebDatabase/LabDatabase/index HTTP/1.1" 302 0
2025-12-07 22:23:38 [INFO] django.server: "GET /WebDatabase/login HTTP/1.1" 302 0
2025-12-07 22:23:38 [INFO] django.server: "GET /WebDatabase/LabDatabase/index HTTP/1.1" 302 0
2025-12-07 22:23:38 [INFO] django.server: "GET /WebDatabase/login HTTP/1.1" 302 0
2025-12-07 22:23:38 [INFO] django.server: "GET /WebDatabase/LabDatabase/index HTTP/1.1" 302 0
2025-12-07 22:23:38 [INFO] django.server: "GET /WebDatabase/login HTTP/1.1" 302 0
2025-12-07 22:23:38 [INFO] django.server: "GET /WebDatabase/LabDatabase/index HTTP/1.1" 302 0
2025-12-07 22:23:38 [INFO] django.server: "GET /WebDatabase/login HTTP/1.1" 302 0
2025-12-07 22:23:38 [INFO] django.server: "GET /WebDatabase/LabDatabase/index HTTP/1.1" 302 0
2025-12-07 22:23:38 [INFO] django.server: "GET /WebDatabase/login HTTP/1.1" 302 0
2025-12-07 22:23:38 [INFO] django.server: "GET /WebDatabase/LabDatabase/index HTTP/1.1" 302 0
2025-12-07 22:23:38 [INFO] django.server: "GET /WebDatabase/login HTTP/1.1" 302 0
2025-12-07 22:23:43 [INFO] django.server: "GET /WebDatabase/login HTTP/1.1" 302 0
2025-12-07 22:23:43 [INFO] django.server: "GET /WebDatabase/LabDatabase/index HTTP/1.1" 302 0
2025-12-07 22:23:43 [INFO] django.server: "GET /WebDatabase/login HTTP/1.1" 302 0
2025-12-07 22:23:43 [INFO] django.server: "GET /WebDatabase/LabDatabase/index HTTP/1.1" 302 0
2025-12-07 22:23:43 [INFO] django.server: "GET /WebDatabase/login HTTP/1.1" 302 0
2025-12-07 22:23:43 [INFO] django.server: "GET /WebDatabase/LabDatabase/index HTTP/1.1" 302 0
2025-12-07 22:23:43 [INFO] django.server: "GET /WebDatabase/login HTTP/1.1" 302 0
2025-12-07 22:23:43 [INFO] django.server: "GET /WebDatabase/LabDatabase/index HTTP/1.1" 302 0
2025-12-07 22:23:43 [INFO] django.server: "GET /WebDatabase/login HTTP/1.1" 302 0
2025-12-07 22:23:43 [INFO] django.server: "GET /WebDatabase/LabDatabase/index HTTP/1.1" 302 0
2025-12-07 22:23:43 [INFO] django.server: "GET /WebDatabase/login HTTP/1.1" 302 0
2025-12-07 22:23:43 [INFO] django.server: "GET /WebDatabase/LabDatabase/index HTTP/1.1" 302 0
2025-12-07 22:23:43 [INFO] django.server: "GET /WebDatabase/login HTTP/1.1" 302 0
2025-12-07 22:23:43 [INFO] django.server: "GET /WebDatabase/LabDatabase/index HTTP/1.1" 302 0
2025-12-07 22:23:43 [INFO] django.server: "GET /WebDatabase/login HTTP/1.1" 302 0
2025-12-07 22:23:43 [INFO] django.server: "GET /WebDatabase/LabDatabase/index HTTP/1.1" 302 0
2025-12-07 22:23:43 [INFO] django.server: "GET /WebDatabase/login HTTP/1.1" 302 0
2025-12-07 22:23:43 [INFO] django.server: "GET /WebDatabase/LabDatabase/index HTTP/1.1" 302 0
2025-12-07 22:23:43 [INFO] django.server: "GET /WebDatabase/login HTTP/1.1" 302 0
2025-12-07 22:23:43 [INFO] django.server: "GET /WebDatabase/LabDatabase/index HTTP/1.1" 302 0
2025-12-07 22:23:48 [INFO] django.server: "GET /WebDatabase/LabDatabase/index HTTP/1.1" 302 0
2025-12-07 22:23:48 [INFO] django.server: "GET /WebDatabase/login HTTP/1.1" 302 0
2025-12-07 22:23:48 [INFO] django.server: "GET /WebDatabase/LabDatabase/index HTTP/1.1" 302 0
2025-12-07 22:23:48 [INFO] django.server: "GET /WebDatabase/login HTTP/1.1" 302 0
2025-12-07 22:23:48 [INFO] django.server: "GET /WebDatabase/LabDatabase/index HTTP/1.1" 302 0
2025-12-07 22:23:48 [INFO] django.server: "GET /WebDatabase/login HTTP/1.1" 302 0
2025-12-07 22:23:48 [INFO] django.server: "GET /WebDatabase/LabDatabase/index HTTP/1.1" 302 0
2025-12-07 22:23:48 [INFO] django.server: "GET /WebDatabase/login HTTP/1.1" 302 0
2025-12-07 22:23:48 [INFO] django.server: "GET /WebDatabase/LabDatabase/index HTTP/1.1" 302 0
2025-12-07 22:23:48 [INFO] django.server: "GET /WebDatabase/login HTTP/1.1" 302 0
2025-12-07 22:23:48 [INFO] django.server: "GET /WebDatabase/LabDatabase/index HTTP/1.1" 302 0
2025-12-07 22:23:48 [INFO] django.server: "GET /WebDatabase/login HTTP/1.1" 302 0
2025-12-07 22:23:48 [INFO] django.server: "GET /WebDatabase/LabDatabase/index HTTP/1.1" 302 0
2025-12-07 22:23:48 [INFO] django.server: "GET /WebDatabase/login HTTP/1.1" 302 0
2025-12-07 22:23:48 [INFO] django.server: "GET /WebDatabase/LabDatabase/index HTTP/1.1" 302 0
2025-12-07 22:23:48 [INFO] django.server: "GET /WebDatabase/login HTTP/1.1" 302 0
2025-12-07 22:23:48 [INFO] django.server: "GET /WebDatabase/LabDatabase/index HTTP/1.1" 302 0
2025-12-07 22:23:48 [INFO] django.server: "GET /WebDatabase/login HTTP/1.1" 302 0
2025-12-07 22:23:48 [INFO] django.server: "GET /WebDatabase/LabDatabase/index HTTP/1.1" 302 0
2025-12-07 22:23:48 [INFO] django.server: "GET /WebDatabase/login HTTP/1.1" 302 0
2025-12-07 22:24:18 [INFO] django.server: "GET /WebDatabase/login HTTP/1.1" 302 0
2025-12-07 22:24:18 [INFO] django.server: "GET /WebDatabase/LabDatabase/index HTTP/1.1" 302 0
2025-12-07 22:24:18 [INFO] django.server: "GET /WebDatabase/login HTTP/1.1" 302 0
2025-12-07 22:24:18 [INFO] django.server: "GET /WebDatabase/LabDatabase/index HTTP/1.1" 302 0
2025-12-07 22:24:18 [INFO] django.server: "GET /WebDatabase/login HTTP/1.1" 302 0
2025-12-07 22:24:18 [INFO] django.server: "GET /WebDatabase/LabDatabase/index HTTP/1.1" 302 0
2025-12-07 22:24:18 [INFO] django.server: "GET /WebDatabase/login HTTP/1.1" 302 0
2025-12-07 22:24:18 [INFO] django.server: "GET /WebDatabase/LabDatabase/index HTTP/1.1" 302 0
2025-12-07 22:24:18 [INFO] django.server: "GET /WebDatabase/login HTTP/1.1" 302 0
2025-12-07 22:24:18 [INFO] django.server: "GET /WebDatabase/LabDatabase/index HTTP/1.1" 302 0
2025-12-07 22:24:18 [INFO] django.server: "GET /WebDatabase/login HTTP/1.1" 302 0
2025-12-07 22:24:18 [INFO] django.server: "GET /WebDatabase/LabDatabase/index HTTP/1.1" 302 0
2025-12-07 22:24:18 [INFO] django.server: "GET /WebDatabase/login HTTP/1.1" 302 0
2025-12-07 22:24:18 [INFO] django.server: "GET /WebDatabase/LabDatabase/index HTTP/1.1" 302 0
2025-12-07 22:24:18 [INFO] django.server: "GET /WebDatabase/login HTTP/1.1" 302 0
2025-12-07 22:24:18 [INFO] django.server: "GET /WebDatabase/LabDatabase/index HTTP/1.1" 302 0
2025-12-07 22:24:18 [INFO] django.server: "GET /WebDatabase/login HTTP/1.1" 302 0
2025-12-07 22:24:18 [INFO] django.server: "GET /WebDatabase/LabDatabase/index HTTP/1.1" 302 0
2025-12-07 22:24:18 [INFO] django.server: "GET /WebDatabase/login HTTP/1.1" 302 0
2025-12-07 22:24:18 [INFO] django.server: "GET /WebDatabase/LabDatabase/index HTTP/1.1" 302 0
2025-12-07 22:24:35 [INFO] django.utils.autoreload: C:\Users\admin\Desktop\WebDatabaseBeta\WebDatabase\WebDataWorld\WebDatabase\account.py changed, reloading.
2025-12-07 22:24:36 [INFO] django.utils.autoreload: Watching for file changes with StatReloader
2025-12-07 22:24:40 [INFO] django.server: "GET /WebDatabase/LabDatabase/index HTTP/1.1" 302 0
2025-12-07 22:24:40 [INFO] django.server: "GET /WebDatabase/login HTTP/1.1" 302 0
2025-12-07 22:24:40 [INFO] django.server: "GET /LabDatabase/index HTTP/1.1" 302 0
2025-12-07 22:24:40 [INFO] django.server: "GET /WebDatabase/login HTTP/1.1" 302 0
2025-12-07 22:24:40 [INFO] django.server: "GET /LabDatabase/index HTTP/1.1" 302 0
2025-12-07 22:24:40 [INFO] django.server: "GET /WebDatabase/login HTTP/1.1" 302 0
2025-12-07 22:24:40 [INFO] django.server: "GET /LabDatabase/index HTTP/1.1" 302 0
2025-12-07 22:24:40 [INFO] django.server: "GET /WebDatabase/login HTTP/1.1" 302 0
2025-12-07 22:24:40 [INFO] django.server: "GET /LabDatabase/index HTTP/1.1" 302 0
2025-12-07 22:24:40 [INFO] django.server: "GET /WebDatabase/login HTTP/1.1" 302 0
2025-12-07 22:24:40 [INFO] django.server: "GET /LabDatabase/index HTTP/1.1" 302 0
2025-12-07 22:24:40 [INFO] django.server: "GET /WebDatabase/login HTTP/1.1" 302 0
2025-12-07 22:24:40 [INFO] django.server: "GET /LabDatabase/index HTTP/1.1" 302 0
2025-12-07 22:24:40 [INFO] django.server: "GET /WebDatabase/login HTTP/1.1" 302 0
2025-12-07 22:24:40 [INFO] django.server: "GET /LabDatabase/index HTTP/1.1" 302 0
2025-12-07 22:24:40 [INFO] django.server: "GET /WebDatabase/login HTTP/1.1" 302 0
2025-12-07 22:24:40 [INFO] django.server: "GET /LabDatabase/index HTTP/1.1" 302 0
2025-12-07 22:24:40 [INFO] django.server: "GET /WebDatabase/login HTTP/1.1" 302 0
2025-12-07 22:24:40 [INFO] django.server: "GET /LabDatabase/index HTTP/1.1" 302 0
2025-12-07 22:24:40 [INFO] django.server: "GET /WebDatabase/login HTTP/1.1" 302 0
2025-12-07 22:25:02 [INFO] django.utils.autoreload: C:\Users\admin\Desktop\WebDatabaseBeta\WebDatabase\WebDataWorld\WebDatabase\account.py changed, reloading.
2025-12-07 22:25:03 [INFO] django.utils.autoreload: Watching for file changes with StatReloader
2025-12-07 22:25:27 [INFO] django.utils.autoreload: C:\Users\admin\Desktop\WebDatabaseBeta\WebDatabase\WebDataWorld\WebDatabase\views.py changed, reloading.
2025-12-07 22:25:28 [INFO] django.utils.autoreload: Watching for file changes with StatReloader
2025-12-07 22:26:52 [INFO] django.server: "GET /WebDatabase/login HTTP/1.1" 302 0
2025-12-07 22:26:52 [INFO] django.server: "GET /LabDatabase/index HTTP/1.1" 302 0
2025-12-07 22:26:52 [INFO] django.server: "GET /WebDatabase/login HTTP/1.1" 302 0
2025-12-07 22:26:52 [INFO] django.server: "GET /LabDatabase/index HTTP/1.1" 302 0
2025-12-07 22:26:52 [INFO] django.server: "GET /WebDatabase/login HTTP/1.1" 302 0
2025-12-07 22:26:52 [INFO] django.server: "GET /LabDatabase/index HTTP/1.1" 302 0
2025-12-07 22:26:52 [INFO] django.server: "GET /WebDatabase/login HTTP/1.1" 302 0
2025-12-07 22:26:52 [INFO] django.server: "GET /LabDatabase/index HTTP/1.1" 302 0
2025-12-07 22:26:52 [INFO] django.server: "GET /WebDatabase/login HTTP/1.1" 302 0
2025-12-07 22:26:52 [INFO] django.server: "GET /LabDatabase/index HTTP/1.1" 302 0
2025-12-07 22:26:52 [INFO] django.server: "GET /WebDatabase/login HTTP/1.1" 302 0
2025-12-07 22:26:52 [INFO] django.server: "GET /LabDatabase/index HTTP/1.1" 302 0
2025-12-07 22:26:52 [INFO] django.server: "GET /WebDatabase/login HTTP/1.1" 302 0
2025-12-07 22:26:52 [INFO] django.server: "GET /LabDatabase/index HTTP/1.1" 302 0
2025-12-07 22:26:52 [INFO] django.server: "GET /WebDatabase/login HTTP/1.1" 302 0
2025-12-07 22:26:52 [INFO] django.server: "GET /LabDatabase/index HTTP/1.1" 302 0
2025-12-07 22:26:52 [INFO] django.server: "GET /WebDatabase/login HTTP/1.1" 302 0
2025-12-07 22:26:52 [INFO] django.server: "GET /LabDatabase/index HTTP/1.1" 302 0
2025-12-07 22:26:52 [INFO] django.server: "GET /WebDatabase/login HTTP/1.1" 302 0
2025-12-07 22:26:52 [INFO] django.server: "GET /LabDatabase/index HTTP/1.1" 302 0
2025-12-07 22:27:32 [INFO] django.utils.autoreload: C:\Users\admin\Desktop\WebDatabaseBeta\WebDatabase\WebDataWorld\WebDatabase\account.py changed, reloading.
2025-12-07 22:27:33 [INFO] django.utils.autoreload: Watching for file changes with StatReloader
2025-12-07 22:29:12 [INFO] django.utils.autoreload: C:\Users\admin\Desktop\WebDatabaseBeta\WebDatabase\WebDataWorld\WebDatabase\account.py changed, reloading.
2025-12-07 22:29:13 [INFO] django.utils.autoreload: Watching for file changes with StatReloader
2025-12-07 22:29:37 [INFO] django.utils.autoreload: C:\Users\admin\Desktop\WebDatabaseBeta\WebDatabase\WebDataWorld\WebDatabase\account.py changed, reloading.
2025-12-07 22:29:37 [INFO] django.utils.autoreload: Watching for file changes with StatReloader
2025-12-07 22:29:41 [INFO] django.server: "GET /LabDatabase/index HTTP/1.1" 302 0
2025-12-07 22:29:41 [INFO] django.server: "GET /WebDatabase/login HTTP/1.1" 302 0
2025-12-07 22:29:41 [INFO] django.server: "GET /LabDatabase/index HTTP/1.1" 302 0
2025-12-07 22:29:41 [INFO] django.server: "GET /WebDatabase/login HTTP/1.1" 302 0
2025-12-07 22:29:41 [INFO] django.server: "GET /LabDatabase/index HTTP/1.1" 302 0
2025-12-07 22:29:41 [INFO] django.server: "GET /WebDatabase/login HTTP/1.1" 302 0
2025-12-07 22:29:41 [INFO] django.server: "GET /LabDatabase/index HTTP/1.1" 302 0
2025-12-07 22:29:41 [INFO] django.server: "GET /WebDatabase/login HTTP/1.1" 302 0
2025-12-07 22:29:41 [INFO] django.server: "GET /LabDatabase/index HTTP/1.1" 302 0
2025-12-07 22:29:41 [INFO] django.server: "GET /WebDatabase/login HTTP/1.1" 302 0
2025-12-07 22:29:41 [INFO] django.server: "GET /LabDatabase/index HTTP/1.1" 302 0
2025-12-07 22:29:41 [INFO] django.server: "GET /WebDatabase/login HTTP/1.1" 302 0
2025-12-07 22:29:41 [INFO] django.server: "GET /LabDatabase/index HTTP/1.1" 302 0
2025-12-07 22:29:41 [INFO] django.server: "GET /WebDatabase/login HTTP/1.1" 302 0
2025-12-07 22:29:41 [INFO] django.server: "GET /LabDatabase/index HTTP/1.1" 302 0
2025-12-07 22:29:41 [INFO] django.server: "GET /WebDatabase/login HTTP/1.1" 302 0
2025-12-07 22:29:41 [INFO] django.server: "GET /LabDatabase/index HTTP/1.1" 302 0
2025-12-07 22:29:41 [INFO] django.server: "GET /WebDatabase/login HTTP/1.1" 302 0
2025-12-07 22:29:41 [INFO] django.server: "GET /LabDatabase/index HTTP/1.1" 302 0
2025-12-07 22:29:41 [INFO] django.server: "GET /WebDatabase/login HTTP/1.1" 302 0
2025-12-07 22:29:44 [INFO] django.utils.autoreload: C:\Users\admin\Desktop\WebDatabaseBeta\WebDatabase\WebDataWorld\WebDatabase\account.py changed, reloading.
2025-12-07 22:29:45 [INFO] django.utils.autoreload: Watching for file changes with StatReloader
2025-12-07 22:29:53 [INFO] django.utils.autoreload: C:\Users\admin\Desktop\WebDatabaseBeta\WebDatabase\WebDataWorld\WebDatabase\account.py changed, reloading.
2025-12-07 22:29:54 [INFO] django.utils.autoreload: Watching for file changes with StatReloader
2025-12-07 22:29:57 [INFO] django.server: "GET /WebDatabase/login HTTP/1.1" 302 0
2025-12-07 22:29:57 [INFO] django.server: "GET /LabDatabase/index HTTP/1.1" 302 0
2025-12-07 22:29:57 [INFO] django.server: "GET /WebDatabase/login HTTP/1.1" 302 0
2025-12-07 22:29:57 [INFO] django.server: "GET /LabDatabase/index HTTP/1.1" 302 0
2025-12-07 22:29:57 [INFO] django.server: "GET /WebDatabase/login HTTP/1.1" 302 0
2025-12-07 22:29:57 [INFO] django.server: "GET /LabDatabase/index HTTP/1.1" 302 0
2025-12-07 22:29:57 [INFO] django.server: "GET /WebDatabase/login HTTP/1.1" 302 0
2025-12-07 22:29:57 [INFO] django.server: "GET /LabDatabase/index HTTP/1.1" 302 0
2025-12-07 22:29:57 [INFO] django.server: "GET /WebDatabase/login HTTP/1.1" 302 0
2025-12-07 22:29:57 [INFO] django.server: "GET /LabDatabase/index HTTP/1.1" 302 0
2025-12-07 22:29:57 [INFO] django.server: "GET /WebDatabase/login HTTP/1.1" 302 0
2025-12-07 22:29:57 [INFO] django.server: "GET /LabDatabase/index HTTP/1.1" 302 0
2025-12-07 22:29:57 [INFO] django.server: "GET /WebDatabase/login HTTP/1.1" 302 0
2025-12-07 22:29:57 [INFO] django.server: "GET /LabDatabase/index HTTP/1.1" 302 0
2025-12-07 22:29:57 [INFO] django.server: "GET /WebDatabase/login HTTP/1.1" 302 0
2025-12-07 22:29:57 [INFO] django.server: "GET /LabDatabase/index HTTP/1.1" 302 0
2025-12-07 22:29:57 [INFO] django.server: "GET /WebDatabase/login HTTP/1.1" 302 0
2025-12-07 22:29:57 [INFO] django.server: "GET /LabDatabase/index HTTP/1.1" 302 0
2025-12-07 22:29:57 [INFO] django.server: "GET /WebDatabase/login HTTP/1.1" 302 0
2025-12-07 22:29:57 [INFO] django.server: "GET /LabDatabase/index HTTP/1.1" 302 0
2025-12-07 22:30:03 [INFO] django.utils.autoreload: C:\Users\admin\Desktop\WebDatabaseBeta\WebDatabase\WebDataWorld\WebDatabase\account.py changed, reloading.
2025-12-07 22:30:03 [INFO] django.utils.autoreload: Watching for file changes with StatReloader
2025-12-07 22:30:57 [INFO] django.server: "GET /LabDatabase/index HTTP/1.1" 302 0
2025-12-07 22:30:57 [INFO] django.server: "GET /WebDatabase/login HTTP/1.1" 302 0
2025-12-07 22:30:57 [INFO] django.server: "GET /LabDatabase/index HTTP/1.1" 302 0
2025-12-07 22:30:57 [INFO] django.server: "GET /WebDatabase/login HTTP/1.1" 302 0
2025-12-07 22:30:57 [INFO] django.server: "GET /LabDatabase/index HTTP/1.1" 302 0
2025-12-07 22:30:57 [INFO] django.server: "GET /WebDatabase/login HTTP/1.1" 302 0
2025-12-07 22:30:57 [INFO] django.server: "GET /LabDatabase/index HTTP/1.1" 302 0
2025-12-07 22:30:57 [INFO] django.server: "GET /WebDatabase/login HTTP/1.1" 302 0
2025-12-07 22:30:57 [INFO] django.server: "GET /LabDatabase/index HTTP/1.1" 302 0
2025-12-07 22:30:57 [INFO] django.server: "GET /WebDatabase/login HTTP/1.1" 302 0
2025-12-07 22:30:57 [INFO] django.server: "GET /LabDatabase/index HTTP/1.1" 302 0
2025-12-07 22:30:57 [INFO] django.server: "GET /WebDatabase/login HTTP/1.1" 302 0
2025-12-07 22:30:57 [INFO] django.server: "GET /LabDatabase/index HTTP/1.1" 302 0
2025-12-07 22:30:57 [INFO] django.server: "GET /WebDatabase/login HTTP/1.1" 302 0
2025-12-07 22:30:57 [INFO] django.server: "GET /LabDatabase/index HTTP/1.1" 302 0
2025-12-07 22:30:57 [INFO] django.server: "GET /WebDatabase/login HTTP/1.1" 302 0
2025-12-07 22:30:57 [INFO] django.server: "GET /LabDatabase/index HTTP/1.1" 302 0
2025-12-07 22:30:57 [INFO] django.server: "GET /WebDatabase/login HTTP/1.1" 302 0
2025-12-07 22:30:57 [INFO] django.server: "GET /LabDatabase/index HTTP/1.1" 302 0
2025-12-07 22:30:57 [INFO] django.server: "GET /WebDatabase/login HTTP/1.1" 302 0
2025-12-07 22:31:01 [INFO] django.utils.autoreload: C:\Users\admin\Desktop\WebDatabaseBeta\WebDatabase\WebDataWorld\WebDatabase\account.py changed, reloading.
2025-12-07 22:31:01 [INFO] django.utils.autoreload: Watching for file changes with StatReloader
2025-12-07 22:31:04 [INFO] django.server: "GET /WebDatabase/login HTTP/1.1" 302 0
2025-12-07 22:31:04 [INFO] django.server: "GET /LabDatabase/index HTTP/1.1" 302 0
2025-12-07 22:31:04 [INFO] django.server: "GET /WebDatabase/login HTTP/1.1" 302 0
2025-12-07 22:31:04 [INFO] django.server: "GET /LabDatabase/index HTTP/1.1" 302 0
2025-12-07 22:31:04 [INFO] django.server: "GET /WebDatabase/login HTTP/1.1" 302 0
2025-12-07 22:31:04 [INFO] django.server: "GET /LabDatabase/index HTTP/1.1" 302 0
2025-12-07 22:31:04 [INFO] django.server: "GET /WebDatabase/login HTTP/1.1" 302 0
2025-12-07 22:31:04 [INFO] django.server: "GET /LabDatabase/index HTTP/1.1" 302 0
2025-12-07 22:31:04 [INFO] django.server: "GET /WebDatabase/login HTTP/1.1" 302 0
2025-12-07 22:31:04 [INFO] django.server: "GET /LabDatabase/index HTTP/1.1" 302 0
2025-12-07 22:31:04 [INFO] django.server: "GET /WebDatabase/login HTTP/1.1" 302 0
2025-12-07 22:31:04 [INFO] django.server: "GET /LabDatabase/index HTTP/1.1" 302 0
2025-12-07 22:31:04 [INFO] django.server: "GET /WebDatabase/login HTTP/1.1" 302 0
2025-12-07 22:31:04 [INFO] django.server: "GET /LabDatabase/index HTTP/1.1" 302 0
2025-12-07 22:31:04 [INFO] django.server: "GET /WebDatabase/login HTTP/1.1" 302 0
2025-12-07 22:31:04 [INFO] django.server: "GET /LabDatabase/index HTTP/1.1" 302 0
2025-12-07 22:31:04 [INFO] django.server: "GET /WebDatabase/login HTTP/1.1" 302 0
2025-12-07 22:31:04 [INFO] django.server: "GET /LabDatabase/index HTTP/1.1" 302 0
2025-12-07 22:31:04 [INFO] django.server: "GET /WebDatabase/login HTTP/1.1" 302 0
2025-12-07 22:31:04 [INFO] django.server: "GET /LabDatabase/index HTTP/1.1" 302 0
2025-12-07 22:31:06 [INFO] django.utils.autoreload: C:\Users\admin\Desktop\WebDatabaseBeta\WebDatabase\WebDataWorld\WebDatabase\account.py changed, reloading.
2025-12-07 22:31:07 [INFO] django.utils.autoreload: Watching for file changes with StatReloader
2025-12-07 22:31:21 [INFO] django.server: "GET /LabDatabase/index HTTP/1.1" 302 0
2025-12-07 22:31:21 [INFO] django.server: "GET /WebDatabase/login HTTP/1.1" 302 0
2025-12-07 22:31:21 [INFO] django.server: "GET /LabDatabase/index HTTP/1.1" 302 0
2025-12-07 22:31:21 [INFO] django.server: "GET /WebDatabase/login HTTP/1.1" 302 0
2025-12-07 22:31:21 [INFO] django.server: "GET /LabDatabase/index HTTP/1.1" 302 0
2025-12-07 22:31:21 [INFO] django.server: "GET /WebDatabase/login HTTP/1.1" 302 0
2025-12-07 22:31:21 [INFO] django.server: "GET /LabDatabase/index HTTP/1.1" 302 0
2025-12-07 22:31:21 [INFO] django.server: "GET /WebDatabase/login HTTP/1.1" 302 0
2025-12-07 22:31:21 [INFO] django.server: "GET /LabDatabase/index HTTP/1.1" 302 0
2025-12-07 22:31:21 [INFO] django.server: "GET /WebDatabase/login HTTP/1.1" 302 0
2025-12-07 22:31:21 [INFO] django.server: "GET /LabDatabase/index HTTP/1.1" 302 0
2025-12-07 22:31:21 [INFO] django.server: "GET /WebDatabase/login HTTP/1.1" 302 0
2025-12-07 22:31:21 [INFO] django.server: "GET /LabDatabase/index HTTP/1.1" 302 0
2025-12-07 22:31:21 [INFO] django.server: "GET /WebDatabase/login HTTP/1.1" 302 0
2025-12-07 22:31:21 [INFO] django.server: "GET /LabDatabase/index HTTP/1.1" 302 0
2025-12-07 22:31:21 [INFO] django.server: "GET /WebDatabase/login HTTP/1.1" 302 0
2025-12-07 22:31:21 [INFO] django.server: "GET /LabDatabase/index HTTP/1.1" 302 0
2025-12-07 22:31:21 [INFO] django.server: "GET /WebDatabase/login HTTP/1.1" 302 0
2025-12-07 22:31:21 [INFO] django.server: "GET /LabDatabase/index HTTP/1.1" 302 0
2025-12-07 22:31:21 [INFO] django.server: "GET /WebDatabase/login HTTP/1.1" 302 0
2025-12-07 22:31:53 [INFO] django.utils.autoreload: C:\Users\admin\Desktop\WebDatabaseBeta\WebDatabase\WebDataWorld\WebDatabase\account.py changed, reloading.
2025-12-07 22:31:53 [INFO] django.utils.autoreload: Watching for file changes with StatReloader
2025-12-07 22:31:55 [INFO] django.server: "GET /WebDatabase/login HTTP/1.1" 302 0
2025-12-07 22:31:55 [INFO] django.server: "GET /LabDatabase/index HTTP/1.1" 302 0
2025-12-07 22:31:55 [INFO] django.server: "GET /WebDatabase/login HTTP/1.1" 302 0
2025-12-07 22:31:55 [INFO] django.server: "GET /LabDatabase/index HTTP/1.1" 302 0
2025-12-07 22:31:55 [INFO] django.server: "GET /WebDatabase/login HTTP/1.1" 302 0
2025-12-07 22:31:55 [INFO] django.server: "GET /LabDatabase/index HTTP/1.1" 302 0
2025-12-07 22:31:55 [INFO] django.server: "GET /WebDatabase/login HTTP/1.1" 302 0
2025-12-07 22:31:55 [INFO] django.server: "GET /LabDatabase/index HTTP/1.1" 302 0
2025-12-07 22:31:55 [INFO] django.server: "GET /WebDatabase/login HTTP/1.1" 302 0
2025-12-07 22:31:55 [INFO] django.server: "GET /LabDatabase/index HTTP/1.1" 302 0
2025-12-07 22:31:55 [INFO] django.server: "GET /WebDatabase/login HTTP/1.1" 302 0
2025-12-07 22:31:55 [INFO] django.server: "GET /LabDatabase/index HTTP/1.1" 302 0
2025-12-07 22:31:55 [INFO] django.server: "GET /WebDatabase/login HTTP/1.1" 302 0
2025-12-07 22:31:55 [INFO] django.server: "GET /LabDatabase/index HTTP/1.1" 302 0
2025-12-07 22:31:55 [INFO] django.server: "GET /WebDatabase/login HTTP/1.1" 302 0
2025-12-07 22:31:55 [INFO] django.server: "GET /LabDatabase/index HTTP/1.1" 302 0
2025-12-07 22:31:55 [INFO] django.server: "GET /WebDatabase/login HTTP/1.1" 302 0
2025-12-07 22:31:55 [INFO] django.server: "GET /LabDatabase/index HTTP/1.1" 302 0
2025-12-07 22:31:55 [INFO] django.server: "GET /WebDatabase/login HTTP/1.1" 302 0
2025-12-07 22:31:55 [INFO] django.server: "GET /LabDatabase/index HTTP/1.1" 302 0
2025-12-07 22:31:58 [INFO] django.utils.autoreload: C:\Users\admin\Desktop\WebDatabaseBeta\WebDatabase\WebDataWorld\WebDatabase\account.py changed, reloading.
2025-12-07 22:31:59 [INFO] django.utils.autoreload: Watching for file changes with StatReloader
2025-12-07 22:32:38 [INFO] django.server: "GET /LabDatabase/index HTTP/1.1" 302 0
2025-12-07 22:32:38 [INFO] django.server: "GET /WebDatabase/login HTTP/1.1" 200 6682
2025-12-07 22:32:56 [INFO] django.server: "POST /WebDatabase/login HTTP/1.1" 200 7125
2025-12-07 22:33:04 [INFO] django.server: "POST /WebDatabase/login HTTP/1.1" 200 7125
2025-12-07 22:33:15 [INFO] django.server: "POST /WebDatabase/login HTTP/1.1" 200 7125
2025-12-07 22:33:53 [INFO] django.utils.autoreload: C:\Users\admin\Desktop\WebDatabaseBeta\WebDatabase\WebDataWorld\WebDatabase\account.py changed, reloading.
2025-12-07 22:33:54 [INFO] django.utils.autoreload: Watching for file changes with StatReloader
2025-12-07 22:34:05 [INFO] django.server: "POST /WebDatabase/login HTTP/1.1" 200 7125
2025-12-07 22:34:33 [INFO] django.server: "POST /WebDatabase/login HTTP/1.1" 200 7181
2025-12-07 22:35:29 [INFO] django.server: "POST /WebDatabase/login HTTP/1.1" 200 7181
2025-12-07 22:35:31 [INFO] django.server: "GET /WebDatabase/register HTTP/1.1" 200 6123
2025-12-07 22:35:42 [ERROR] django.server: "POST /WebDatabase/register HTTP/1.1" 500 89369
2025-12-07 22:39:56 [INFO] django.utils.autoreload: C:\Users\admin\Desktop\WebDatabaseBeta\WebDatabase\WebDataWorld\WebDatabase\backends.py changed, reloading.
2025-12-07 22:39:57 [INFO] django.utils.autoreload: Watching for file changes with StatReloader
2025-12-07 22:40:13 [INFO] django.server: "GET /WebDatabase/login HTTP/1.1" 200 6682
2025-12-07 22:40:20 [ERROR] django.server: "POST /WebDatabase/login HTTP/1.1" 500 86430
2025-12-07 22:41:13 [INFO] django.utils.autoreload: C:\Users\admin\Desktop\WebDatabaseBeta\WebDatabase\WebDataWorld\WebDatabase\account.py changed, reloading.
2025-12-07 22:41:14 [INFO] django.utils.autoreload: Watching for file changes with StatReloader
2025-12-07 22:41:24 [INFO] django.server: "GET /WebDatabase/login HTTP/1.1" 200 6682
2025-12-07 22:41:29 [ERROR] django.server: "POST /WebDatabase/login HTTP/1.1" 500 86332
2025-12-07 22:42:56 [INFO] django.utils.autoreload: C:\Users\admin\Desktop\WebDatabaseBeta\WebDatabase\WebDataWorld\WebDatabase\backends.py changed, reloading.
2025-12-07 22:42:57 [INFO] django.utils.autoreload: Watching for file changes with StatReloader
2025-12-07 22:43:21 [WARNING] django.server: "POST /WebDatabase/login HTTP/1.1" 403 2498
2025-12-07 22:43:26 [WARNING] django.server: "POST /WebDatabase/login HTTP/1.1" 403 2498
2025-12-07 22:43:48 [INFO] django.server: "GET /LabDatabase/login HTTP/1.1" 302 0
2025-12-07 22:43:48 [INFO] django.server: "GET /WebDatabase/login HTTP/1.1" 200 6682
2025-12-07 22:43:58 [ERROR] django.server: "POST /WebDatabase/login HTTP/1.1" 500 86332
2025-12-07 22:44:21 [INFO] django.utils.autoreload: C:\Users\admin\Desktop\WebDatabaseBeta\WebDatabase\WebDataWorld\WebDatabase\backends.py changed, reloading.
2025-12-07 22:44:21 [INFO] django.utils.autoreload: Watching for file changes with StatReloader
2025-12-07 22:44:39 [WARNING] django.server: "POST /WebDatabase/login HTTP/1.1" 403 2498
2025-12-07 22:44:46 [INFO] django.server: "GET /LabDatabase/login HTTP/1.1" 302 0
2025-12-07 22:44:46 [INFO] django.server: "GET /WebDatabase/login HTTP/1.1" 200 6682
2025-12-07 22:44:55 [ERROR] django.server: "POST /WebDatabase/login HTTP/1.1" 500 86332
2025-12-07 22:45:26 [INFO] django.utils.autoreload: C:\Users\admin\Desktop\WebDatabaseBeta\WebDatabase\WebDataWorld\WebDatabase\account.py changed, reloading.
2025-12-07 22:45:27 [INFO] django.utils.autoreload: Watching for file changes with StatReloader
2025-12-07 22:46:28 [INFO] django.utils.autoreload: C:\Users\admin\Desktop\WebDatabaseBeta\WebDatabase\WebDataWorld\WebDatabase\account.py changed, reloading.
2025-12-07 22:46:29 [INFO] django.utils.autoreload: Watching for file changes with StatReloader
2025-12-07 22:46:44 [INFO] django.server: "GET /LabDatabase/login HTTP/1.1" 302 0
2025-12-07 22:46:44 [INFO] django.server: "GET /WebDatabase/login HTTP/1.1" 200 6682
2025-12-07 22:46:52 [INFO] django.server: "POST /WebDatabase/login HTTP/1.1" 302 0
2025-12-07 22:46:52 [INFO] django.server: "GET /LabDatabase/index HTTP/1.1" 200 83790
2025-12-07 22:46:52 [INFO] django.server: "GET /WebDatabase/getBackboneValueList/marker HTTP/1.1" 200 227
2025-12-07 22:46:52 [INFO] django.server: "GET /WebDatabase/getBackboneValueList/ori HTTP/1.1" 200 143
2025-12-07 22:46:52 [INFO] django.server: "GET /WebDatabase/Part?page=1 HTTP/1.1" 200 1413
2025-12-07 22:46:52 [INFO] django.server: "GET /WebDatabase/getPlasmidValueList/ori HTTP/1.1" 200 142
2025-12-07 22:46:52 [INFO] django.server: "GET /LabDatabase/getdata?type=part&page=1 HTTP/1.1" 200 1413
2025-12-07 22:46:52 [INFO] django.server: "GET /WebDatabase/getPartScarList HTTP/1.1" 200 172
2025-12-07 22:46:52 [INFO] django.server: "GET /WebDatabase/getBackboneScarList HTTP/1.1" 200 255
2025-12-07 22:46:52 [INFO] django.server: "GET /WebDatabase/getPlasmidValueList/marker HTTP/1.1" 200 265
2025-12-07 22:46:52 [ERROR] django.server: "GET /WebDatabase/Backbone?page=1 HTTP/1.1" 500 167198
2025-12-07 22:46:52 [ERROR] django.server: "GET /WebDatabase/Plasmid?page=1 HTTP/1.1" 500 82189
2025-12-07 22:46:52 [WARNING] django.server: "GET /LabDatabase/getdata?type=backbone&page=1 HTTP/1.1" 400 2
2025-12-07 22:46:52 [WARNING] django.server: "GET /LabDatabase/getdata?type=plasmid&page=1 HTTP/1.1" 400 2
2025-12-07 22:46:52 [INFO] django.server: "GET /WebDatabase/getPlasmidScarList HTTP/1.1" 200 287
2025-12-07 22:47:02 [INFO] django.server: "GET /WebDatabase/Part?page=11 HTTP/1.1" 200 1601
2025-12-07 22:47:02 [INFO] django.server: "GET /LabDatabase/getdata?type=part&page=11 HTTP/1.1" 200 1601
2025-12-07 22:47:05 [INFO] django.server: "GET /WebDatabase/Part?page=10 HTTP/1.1" 200 1623
2025-12-07 22:47:05 [INFO] django.server: "GET /LabDatabase/getdata?type=part&page=10 HTTP/1.1" 200 1623
2025-12-07 22:47:06 [INFO] django.server: "GET /WebDatabase/Part?page=9 HTTP/1.1" 200 1559
2025-12-07 22:47:06 [INFO] django.server: "GET /LabDatabase/getdata?type=part&page=9 HTTP/1.1" 200 1559
2025-12-07 22:47:08 [INFO] django.server: "GET /WebDatabase/Part?page=8 HTTP/1.1" 200 1481
2025-12-07 22:47:08 [INFO] django.server: "GET /LabDatabase/getdata?type=part&page=8 HTTP/1.1" 200 1481
2025-12-07 22:47:11 [INFO] django.server: "GET /WebDatabase/Part?page=7 HTTP/1.1" 200 1412
2025-12-07 22:47:11 [INFO] django.server: "GET /LabDatabase/getdata?type=part&page=7 HTTP/1.1" 200 1412
2025-12-07 22:47:14 [INFO] django.server: "GET /WebDatabase/Part?page=6 HTTP/1.1" 200 1416
2025-12-07 22:47:14 [INFO] django.server: "GET /LabDatabase/getdata?type=part&page=6 HTTP/1.1" 200 1416
2025-12-07 22:47:15 [INFO] django.server: "GET /WebDatabase/Part?page=5 HTTP/1.1" 200 1430
2025-12-07 22:47:15 [INFO] django.server: "GET /LabDatabase/getdata?type=part&page=5 HTTP/1.1" 200 1430
2025-12-07 22:47:17 [INFO] django.server: "GET /WebDatabase/Part?page=4 HTTP/1.1" 200 1415
2025-12-07 22:47:17 [INFO] django.server: "GET /LabDatabase/getdata?type=part&page=4 HTTP/1.1" 200 1415
2025-12-07 22:47:18 [INFO] django.server: "GET /WebDatabase/Part?page=3 HTTP/1.1" 200 1413
2025-12-07 22:47:18 [INFO] django.server: "GET /LabDatabase/getdata?type=part&page=3 HTTP/1.1" 200 1413
2025-12-07 22:47:19 [INFO] django.server: "GET /WebDatabase/Part?page=2 HTTP/1.1" 200 1413
2025-12-07 22:47:19 [INFO] django.server: "GET /LabDatabase/getdata?type=part&page=2 HTTP/1.1" 200 1413
2025-12-07 22:47:19 [INFO] django.server: "GET /WebDatabase/Part?page=1 HTTP/1.1" 200 1413
2025-12-07 22:47:19 [INFO] django.server: "GET /LabDatabase/getdata?type=part&page=1 HTTP/1.1" 200 1413
2025-12-07 22:47:56 [WARNING] django.server: "GET /static/LabDatabase/bootstrap.bundle.min.js.map HTTP/1.1" 404 1932
2025-12-07 22:47:56 [WARNING] django.server: "GET /static/LabDatabase/bootstrap.min.css.map HTTP/1.1" 404 1914
2025-12-07 22:47:58 [INFO] django.server: "GET /LabDatabase/index HTTP/1.1" 200 83790
2025-12-07 22:47:58 [INFO] django.server: "GET /WebDatabase/getBackboneValueList/ori HTTP/1.1" 200 143
2025-12-07 22:47:58 [INFO] django.server: "GET /WebDatabase/getBackboneValueList/marker HTTP/1.1" 200 227
2025-12-07 22:47:58 [INFO] django.server: "GET /WebDatabase/Part?page=1 HTTP/1.1" 200 1413
2025-12-07 22:47:58 [INFO] django.server: "GET /LabDatabase/getdata?type=part&page=1 HTTP/1.1" 200 1413
2025-12-07 22:47:58 [INFO] django.server: "GET /WebDatabase/getPlasmidValueList/ori HTTP/1.1" 200 142
2025-12-07 22:47:58 [INFO] django.server: "GET /WebDatabase/getPartScarList HTTP/1.1" 200 172
2025-12-07 22:47:58 [WARNING] django.server: "GET /static/LabDatabase/bootstrap.bundle.min.js.map HTTP/1.1" 404 1932
2025-12-07 22:47:58 [WARNING] django.server: "GET /static/LabDatabase/bootstrap.min.css.map HTTP/1.1" 404 1914
2025-12-07 22:47:58 [INFO] django.server: "GET /WebDatabase/getPlasmidValueList/marker HTTP/1.1" 200 265
2025-12-07 22:47:58 [INFO] django.server: "GET /WebDatabase/getPlasmidScarList HTTP/1.1" 200 287
2025-12-07 22:47:58 [INFO] django.server: "GET /WebDatabase/getBackboneScarList HTTP/1.1" 200 255
2025-12-07 22:47:59 [ERROR] django.server: "GET /WebDatabase/Backbone?page=1 HTTP/1.1" 500 167198
2025-12-07 22:47:59 [WARNING] django.server: "GET /LabDatabase/getdata?type=backbone&page=1 HTTP/1.1" 400 2
2025-12-07 22:47:59 [ERROR] django.server: "GET /WebDatabase/Plasmid?page=1 HTTP/1.1" 500 82189
2025-12-07 22:47:59 [WARNING] django.server: "GET /LabDatabase/getdata?type=plasmid&page=1 HTTP/1.1" 400 2
2025-12-07 22:48:37 [INFO] django.server: "GET /LabDatabase/register HTTP/1.1" 302 0
2025-12-07 22:48:37 [INFO] django.server: "GET /WebDatabase/register HTTP/1.1" 200 6123
2025-12-07 22:48:50 [ERROR] django.server: "POST /WebDatabase/register HTTP/1.1" 500 89431
2025-12-07 22:51:51 [INFO] django.utils.autoreload: C:\Users\admin\Desktop\WebDatabaseBeta\WebDatabase\WebDataWorld\WebDatabase\account.py changed, reloading.
2025-12-07 22:51:51 [INFO] django.utils.autoreload: Watching for file changes with StatReloader
2025-12-07 22:53:41 [INFO] django.utils.autoreload: C:\Users\admin\Desktop\WebDatabaseBeta\WebDatabase\WebDataWorld\WebDatabase\account.py changed, reloading.
2025-12-07 22:53:41 [INFO] django.utils.autoreload: Watching for file changes with StatReloader
2025-12-07 22:54:29 [INFO] django.utils.autoreload: C:\Users\admin\Desktop\WebDatabaseBeta\WebDatabase\WebDataWorld\WebDatabase\account.py changed, reloading.
2025-12-07 22:54:29 [INFO] django.utils.autoreload: Watching for file changes with StatReloader
2025-12-07 22:54:41 [INFO] django.utils.autoreload: C:\Users\admin\Desktop\WebDatabaseBeta\WebDatabase\WebDataWorld\WebDatabase\account.py changed, reloading.
2025-12-07 22:54:42 [INFO] django.utils.autoreload: Watching for file changes with StatReloader
2025-12-07 22:54:45 [INFO] django.server: "POST /WebDatabase/register HTTP/1.1" 200 6243
2025-12-07 22:54:59 [ERROR] django.server: "POST /WebDatabase/register HTTP/1.1" 500 76024
2025-12-07 22:55:54 [INFO] django.utils.autoreload: C:\Users\admin\Desktop\WebDatabaseBeta\WebDatabase\WebDataWorld\WebDatabase\account.py changed, reloading.
2025-12-07 22:55:54 [INFO] django.utils.autoreload: Watching for file changes with StatReloader
2025-12-07 22:56:01 [WARNING] django.server: "POST /WebDatabase/register HTTP/1.1" 403 2498
2025-12-07 22:56:07 [INFO] django.server: "GET /LabDatabase/register HTTP/1.1" 302 0
2025-12-07 22:56:07 [INFO] django.server: "GET /WebDatabase/login HTTP/1.1" 200 6682
2025-12-07 22:56:09 [INFO] django.server: "GET /WebDatabase/register HTTP/1.1" 200 6123
2025-12-07 22:56:20 [INFO] django.server: "POST /WebDatabase/register HTTP/1.1" 302 0
2025-12-07 22:56:20 [INFO] django.server: "GET /LabDatabase/index HTTP/1.1" 200 83790
2025-12-07 22:56:20 [INFO] django.server: "GET /WebDatabase/getBackboneValueList/ori HTTP/1.1" 200 143
2025-12-07 22:56:20 [INFO] django.server: "GET /WebDatabase/getBackboneValueList/marker HTTP/1.1" 200 227
2025-12-07 22:56:20 [INFO] django.server: "GET /WebDatabase/getPartScarList HTTP/1.1" 200 172
2025-12-07 22:56:20 [INFO] django.server: "GET /WebDatabase/getBackboneScarList HTTP/1.1" 200 255
2025-12-07 22:56:20 [INFO] django.server: "GET /WebDatabase/getPlasmidValueList/ori HTTP/1.1" 200 142
2025-12-07 22:56:20 [INFO] django.server: "GET /WebDatabase/Part?page=1 HTTP/1.1" 200 1413
2025-12-07 22:56:20 [INFO] django.server: "GET /LabDatabase/getdata?type=part&page=1 HTTP/1.1" 200 1413
2025-12-07 22:56:20 [WARNING] django.server: "GET /static/LabDatabase/bootstrap.bundle.min.js.map HTTP/1.1" 404 1932
2025-12-07 22:56:20 [WARNING] django.server: "GET /static/LabDatabase/bootstrap.min.css.map HTTP/1.1" 404 1914
2025-12-07 22:56:20 [INFO] django.server: "GET /WebDatabase/getPlasmidValueList/marker HTTP/1.1" 200 265
2025-12-07 22:56:20 [INFO] django.server: "GET /WebDatabase/getPlasmidScarList HTTP/1.1" 200 287
2025-12-07 22:56:20 [ERROR] django.server: "GET /WebDatabase/Plasmid?page=1 HTTP/1.1" 500 82474
2025-12-07 22:56:20 [WARNING] django.server: "GET /LabDatabase/getdata?type=plasmid&page=1 HTTP/1.1" 400 2
2025-12-07 22:56:20 [ERROR] django.server: "GET /WebDatabase/Backbone?page=1 HTTP/1.1" 500 167483
2025-12-07 22:56:20 [WARNING] django.server: "GET /LabDatabase/getdata?type=backbone&page=1 HTTP/1.1" 400 2
