2025-12-06 16:29:40 [INFO] django.utils.autoreload: Watching for file changes with StatReloader
2025-12-06 16:29:56 [INFO] django.server: "GET /LabDatabase/register HTTP/1.1" 302 0
2025-12-06 16:29:56 [INFO] django.server: "GET /WebDatabase/register HTTP/1.1" 200 6123
2025-12-06 16:30:12 [ERROR] django.server: "POST /WebDatabase/register HTTP/1.1" 500 79117
2025-12-06 16:44:32 [INFO] django.utils.autoreload: C:\Users\admin\Desktop\WebDatabaseBeta\WebDatabase\WebDataWorld\WebDatabase\account.py changed, reloading.
2025-12-06 16:44:33 [INFO] django.utils.autoreload: Watching for file changes with StatReloader
2025-12-06 16:45:15 [INFO] django.utils.autoreload: C:\Users\admin\Desktop\WebDatabaseBeta\WebDatabase\WebDataWorld\WebDatabase\account.py changed, reloading.
2025-12-06 16:45:15 [INFO] django.utils.autoreload: Watching for file changes with StatReloader
2025-12-06 16:45:19 [INFO] django.server: "GET /WebDatabase/register HTTP/1.1" 200 6123
2025-12-06 16:45:39 [ERROR] django.server: "POST /WebDatabase/register HTTP/1.1" 500 83203
2025-12-06 16:50:18 [INFO] django.utils.autoreload: C:\Users\admin\Desktop\WebDatabaseBeta\WebDatabase\WebDataWorld\WebDatabase\account.py changed, reloading.
2025-12-06 16:50:19 [INFO] django.utils.autoreload: Watching for file changes with StatReloader
2025-12-06 16:51:23 [INFO] django.utils.autoreload: E:\Anaconda\Lib\site-packages\django\forms\forms.py changed, reloading.
2025-12-06 16:51:24 [INFO] django.utils.autoreload: Watching for file changes with StatReloader
2025-12-06 16:51:29 [ERROR] django.server: "POST /WebDatabase/register HTTP/1.1" 500 83213
2025-12-06 16:51:59 [INFO] django.utils.autoreload: E:\Anaconda\Lib\site-packages\django\forms\forms.py changed, reloading.
2025-12-06 16:52:00 [INFO] django.utils.autoreload: Watching for file changes with StatReloader
2025-12-06 16:52:02 [ERROR] django.server: "POST /WebDatabase/register HTTP/1.1" 500 83236
2025-12-06 16:52:30 [INFO] django.utils.autoreload: E:\Anaconda\Lib\site-packages\django\forms\forms.py changed, reloading.
2025-12-06 16:52:30 [INFO] django.utils.autoreload: Watching for file changes with StatReloader
2025-12-06 16:58:53 [INFO] django.utils.autoreload: C:\Users\admin\Desktop\WebDatabaseBeta\WebDatabase\WebDataWorld\WebDatabase\account.py changed, reloading.
2025-12-06 16:58:54 [INFO] django.utils.autoreload: Watching for file changes with StatReloader
2025-12-06 16:59:08 [INFO] django.utils.autoreload: C:\Users\admin\Desktop\WebDatabaseBeta\WebDatabase\WebDataWorld\WebDatabase\account.py changed, reloading.
2025-12-06 16:59:08 [INFO] django.utils.autoreload: Watching for file changes with StatReloader
2025-12-06 16:59:11 [ERROR] django.server: "POST /WebDatabase/register HTTP/1.1" 500 79247
2025-12-06 17:00:17 [INFO] django.utils.autoreload: C:\Users\admin\Desktop\WebDatabaseBeta\WebDatabase\WebDataWorld\WebDatabase\account.py changed, reloading.
2025-12-06 17:00:18 [INFO] django.utils.autoreload: Watching for file changes with StatReloader
2025-12-06 17:00:29 [ERROR] django.server: "POST /WebDatabase/register HTTP/1.1" 500 79331
2025-12-06 17:01:04 [INFO] django.utils.autoreload: C:\Users\admin\Desktop\WebDatabaseBeta\WebDatabase\WebDataWorld\WebDatabase\account.py changed, reloading.
2025-12-06 17:01:05 [INFO] django.utils.autoreload: Watching for file changes with StatReloader
2025-12-06 17:01:39 [INFO] django.utils.autoreload: C:\Users\admin\Desktop\WebDatabaseBeta\WebDatabase\WebDataWorld\WebDatabase\account.py changed, reloading.
2025-12-06 17:01:41 [INFO] django.utils.autoreload: Watching for file changes with StatReloader
2025-12-06 17:01:50 [ERROR] django.server: "POST /WebDatabase/register HTTP/1.1" 500 79285
2025-12-06 17:06:27 [INFO] django.utils.autoreload: C:\Users\admin\Desktop\WebDatabaseBeta\WebDatabase\WebDataWorld\WebDatabase\models.py changed, reloading.
2025-12-06 17:06:28 [INFO] django.utils.autoreload: Watching for file changes with StatReloader
2025-12-06 17:06:37 [INFO] django.utils.autoreload: C:\Users\admin\Desktop\WebDatabaseBeta\WebDatabase\WebDataWorld\WebDatabase\models.py changed, reloading.
2025-12-06 17:06:38 [INFO] django.utils.autoreload: Watching for file changes with StatReloader
2025-12-06 17:07:01 [INFO] django.utils.autoreload: C:\Users\admin\Desktop\WebDatabaseBeta\WebDatabase\WebDataWorld\WebDatabase\models.py changed, reloading.
2025-12-06 17:07:02 [INFO] django.utils.autoreload: Watching for file changes with StatReloader
2025-12-06 17:07:08 [ERROR] django.server: "POST /WebDatabase/register HTTP/1.1" 500 79285
2025-12-06 17:07:16 [INFO] django.utils.autoreload: C:\Users\admin\Desktop\WebDatabaseBeta\WebDatabase\WebDataWorld\WebDatabase\account.py changed, reloading.
2025-12-06 17:07:17 [INFO] django.utils.autoreload: Watching for file changes with StatReloader
2025-12-06 17:07:20 [ERROR] django.server: "POST /WebDatabase/register HTTP/1.1" 500 79225
2025-12-06 17:12:02 [INFO] django.utils.autoreload: C:\Users\admin\Desktop\WebDatabaseBeta\WebDatabase\WebDataWorld\WebDatabase\models.py changed, reloading.
2025-12-06 17:12:03 [INFO] django.utils.autoreload: Watching for file changes with StatReloader
2025-12-06 17:12:33 [INFO] django.utils.autoreload: C:\Users\admin\Desktop\WebDatabaseBeta\WebDatabase\WebDataWorld\WebDatabase\models.py changed, reloading.
2025-12-06 17:12:33 [INFO] django.utils.autoreload: Watching for file changes with StatReloader
2025-12-06 17:12:37 [ERROR] django.server: "POST /WebDatabase/register HTTP/1.1" 500 79225
2025-12-06 17:13:47 [INFO] django.utils.autoreload: C:\Users\admin\Desktop\WebDatabaseBeta\WebDatabase\WebDataWorld\WebDatabase\models.py changed, reloading.
2025-12-06 17:13:47 [INFO] django.utils.autoreload: Watching for file changes with StatReloader
2025-12-06 17:21:27 [INFO] django.utils.autoreload: C:\Users\admin\Desktop\WebDatabaseBeta\WebDatabase\WebDataWorld\WebDatabase\models.py changed, reloading.
2025-12-06 17:21:27 [INFO] django.utils.autoreload: Watching for file changes with StatReloader
2025-12-06 17:21:31 [INFO] django.utils.autoreload: C:\Users\admin\Desktop\WebDatabaseBeta\WebDatabase\WebDataWorld\WebDatabase\models.py changed, reloading.
2025-12-06 17:21:32 [INFO] django.utils.autoreload: Watching for file changes with StatReloader
2025-12-06 17:21:45 [ERROR] django.server: "POST /WebDatabase/register HTTP/1.1" 500 203686
2025-12-06 17:22:13 [INFO] django.utils.autoreload: C:\Users\admin\Desktop\WebDatabaseBeta\WebDatabase\WebDataWorld\WebDatabase\models.py changed, reloading.
2025-12-06 17:22:13 [INFO] django.utils.autoreload: Watching for file changes with StatReloader
2025-12-06 17:22:23 [INFO] django.utils.autoreload: C:\Users\admin\Desktop\WebDatabaseBeta\WebDatabase\WebDataWorld\WebDatabase\models.py changed, reloading.
2025-12-06 17:22:24 [INFO] django.utils.autoreload: Watching for file changes with StatReloader
2025-12-06 17:24:31 [ERROR] django.server: "POST /WebDatabase/register HTTP/1.1" 500 75551
2025-12-06 17:25:10 [INFO] django.utils.autoreload: C:\Users\admin\Desktop\WebDatabaseBeta\WebDatabase\WebDataWorld\WebDatabase\account.py changed, reloading.
2025-12-06 17:25:11 [INFO] django.utils.autoreload: Watching for file changes with StatReloader
2025-12-06 17:25:14 [ERROR] django.server: "POST /WebDatabase/register HTTP/1.1" 500 83646
2025-12-06 17:25:59 [INFO] django.utils.autoreload: C:\Users\admin\Desktop\WebDatabaseBeta\WebDatabase\WebDataWorld\WebDatabase\models.py changed, reloading.
2025-12-06 17:25:59 [INFO] django.utils.autoreload: Watching for file changes with StatReloader
2025-12-06 17:26:12 [ERROR] django.server: "POST /WebDatabase/register HTTP/1.1" 500 83637
2025-12-06 17:26:54 [INFO] django.utils.autoreload: E:\Anaconda\Lib\site-packages\django\forms\forms.py changed, reloading.
2025-12-06 17:26:55 [INFO] django.utils.autoreload: Watching for file changes with StatReloader
2025-12-06 17:27:24 [INFO] django.utils.autoreload: C:\Users\admin\Desktop\WebDatabaseBeta\WebDatabase\WebDataWorld\WebDatabase\account.py changed, reloading.
2025-12-06 17:27:25 [INFO] django.utils.autoreload: Watching for file changes with StatReloader
2025-12-06 17:27:28 [ERROR] django.server: "POST /WebDatabase/register HTTP/1.1" 500 83651
2025-12-06 17:27:51 [INFO] django.utils.autoreload: C:\Users\admin\Desktop\WebDatabaseBeta\WebDatabase\WebDataWorld\WebDatabase\account.py changed, reloading.
2025-12-06 17:27:51 [INFO] django.utils.autoreload: Watching for file changes with StatReloader
2025-12-06 17:27:55 [ERROR] django.server: "POST /WebDatabase/register HTTP/1.1" 500 83651
2025-12-06 17:28:26 [INFO] django.utils.autoreload: C:\Users\admin\Desktop\WebDatabaseBeta\WebDatabase\WebDataWorld\WebDatabase\account.py changed, reloading.
2025-12-06 17:28:27 [INFO] django.utils.autoreload: Watching for file changes with StatReloader
2025-12-06 17:28:29 [ERROR] django.server: "POST /WebDatabase/register HTTP/1.1" 500 83651
2025-12-06 17:29:40 [INFO] django.utils.autoreload: C:\Users\admin\Desktop\WebDatabaseBeta\WebDatabase\WebDataWorld\WebDatabase\account.py changed, reloading.
2025-12-06 17:29:41 [INFO] django.utils.autoreload: Watching for file changes with StatReloader
2025-12-06 17:29:47 [ERROR] django.server: "POST /WebDatabase/register HTTP/1.1" 500 83619
2025-12-06 17:31:18 [INFO] django.utils.autoreload: C:\Users\admin\Desktop\WebDatabaseBeta\WebDatabase\WebDataWorld\WebDatabase\account.py changed, reloading.
2025-12-06 17:31:18 [INFO] django.utils.autoreload: Watching for file changes with StatReloader
2025-12-06 17:31:28 [ERROR] django.server: "POST /WebDatabase/register HTTP/1.1" 500 83651
2025-12-06 17:32:00 [INFO] django.utils.autoreload: C:\Users\admin\Desktop\WebDatabaseBeta\WebDatabase\WebDataWorld\WebDatabase\account.py changed, reloading.
2025-12-06 17:32:00 [INFO] django.utils.autoreload: Watching for file changes with StatReloader
2025-12-06 17:32:03 [ERROR] django.server: "POST /WebDatabase/register HTTP/1.1" 500 83651
2025-12-06 17:39:24 [INFO] django.utils.autoreload: C:\Users\admin\Desktop\WebDatabaseBeta\WebDatabase\WebDataWorld\WebDatabase\account.py changed, reloading.
2025-12-06 17:39:25 [INFO] django.utils.autoreload: Watching for file changes with StatReloader
2025-12-06 17:39:27 [ERROR] django.server: "POST /WebDatabase/register HTTP/1.1" 500 83645
2025-12-06 17:40:47 [INFO] django.utils.autoreload: C:\Users\admin\Desktop\WebDatabaseBeta\WebDatabase\WebDataWorld\WebDatabase\account.py changed, reloading.
2025-12-06 17:40:47 [INFO] django.utils.autoreload: Watching for file changes with StatReloader
2025-12-06 17:41:29 [INFO] django.utils.autoreload: C:\Users\admin\Desktop\WebDatabaseBeta\WebDatabase\WebDataWorld\WebDatabase\account.py changed, reloading.
2025-12-06 17:41:30 [INFO] django.utils.autoreload: Watching for file changes with StatReloader
2025-12-06 17:41:34 [ERROR] django.server: "POST /WebDatabase/register HTTP/1.1" 500 83745
2025-12-06 17:43:29 [INFO] django.utils.autoreload: C:\Users\admin\Desktop\WebDatabaseBeta\WebDatabase\WebDataWorld\WebDatabase\account.py changed, reloading.
2025-12-06 17:43:30 [INFO] django.utils.autoreload: Watching for file changes with StatReloader
2025-12-06 17:43:38 [ERROR] django.server: "POST /WebDatabase/register HTTP/1.1" 500 83697
2025-12-06 17:45:01 [INFO] django.utils.autoreload: C:\Users\admin\Desktop\WebDatabaseBeta\WebDatabase\WebDataWorld\WebDatabase\account.py changed, reloading.
2025-12-06 17:45:02 [INFO] django.utils.autoreload: Watching for file changes with StatReloader
2025-12-06 17:45:06 [ERROR] django.server: "POST /WebDatabase/register HTTP/1.1" 500 83698
2025-12-06 17:45:35 [INFO] django.utils.autoreload: C:\Users\admin\Desktop\WebDatabaseBeta\WebDatabase\WebDataWorld\WebDatabase\account.py changed, reloading.
2025-12-06 17:45:36 [INFO] django.utils.autoreload: Watching for file changes with StatReloader
2025-12-06 17:45:48 [ERROR] django.server: "POST /WebDatabase/register HTTP/1.1" 500 83711
2025-12-06 17:47:42 [INFO] django.utils.autoreload: C:\Users\admin\Desktop\WebDatabaseBeta\WebDatabase\WebDataWorld\WebDatabase\account.py changed, reloading.
2025-12-06 17:47:43 [INFO] django.utils.autoreload: Watching for file changes with StatReloader
2025-12-06 17:47:45 [INFO] django.server: "POST /WebDatabase/register HTTP/1.1" 200 6243
2025-12-06 17:48:46 [ERROR] django.server: "POST /WebDatabase/register HTTP/1.1" 500 92170
2025-12-06 17:50:20 [INFO] django.utils.autoreload: C:\Users\admin\Desktop\WebDatabaseBeta\WebDatabase\WebDataWorld\WebDatabase\account.py changed, reloading.
2025-12-06 17:50:21 [INFO] django.utils.autoreload: Watching for file changes with StatReloader
2025-12-06 17:51:28 [INFO] django.utils.autoreload: C:\Users\admin\Desktop\WebDatabaseBeta\WebDatabase\WebDataWorld\WebDatabase\account.py changed, reloading.
2025-12-06 17:51:28 [INFO] django.utils.autoreload: Watching for file changes with StatReloader
2025-12-06 17:51:32 [INFO] django.server: "POST /WebDatabase/register HTTP/1.1" 200 6243
2025-12-06 17:51:41 [ERROR] django.server: "GET /WebDatabase/login HTTP/1.1" 500 73993
2025-12-06 17:52:21 [INFO] django.utils.autoreload: C:\Users\admin\Desktop\WebDatabaseBeta\WebDatabase\WebDataWorld\WebDatabase\account.py changed, reloading.
2025-12-06 17:52:21 [INFO] django.utils.autoreload: Watching for file changes with StatReloader
2025-12-06 17:52:34 [INFO] django.utils.autoreload: C:\Users\admin\Desktop\WebDatabaseBeta\WebDatabase\WebDataWorld\WebDatabase\account.py changed, reloading.
2025-12-06 17:52:35 [INFO] django.utils.autoreload: Watching for file changes with StatReloader
2025-12-06 17:52:36 [ERROR] django.server: "GET /WebDatabase/login HTTP/1.1" 500 74685
2025-12-06 18:22:19 [INFO] django.utils.autoreload: C:\Users\admin\Desktop\WebDatabaseBeta\WebDatabase\WebDataWorld\WebDatabase\account.py changed, reloading.
2025-12-06 18:22:20 [INFO] django.utils.autoreload: Watching for file changes with StatReloader
2025-12-06 18:22:30 [ERROR] django.server: "GET /WebDatabase/login HTTP/1.1" 500 74232
2025-12-06 18:23:37 [INFO] django.utils.autoreload: C:\Users\admin\Desktop\WebDatabaseBeta\WebDatabase\WebDataWorld\WebDatabase\account.py changed, reloading.
2025-12-06 18:23:38 [INFO] django.utils.autoreload: Watching for file changes with StatReloader
2025-12-06 18:23:44 [INFO] django.utils.autoreload: C:\Users\admin\Desktop\WebDatabaseBeta\WebDatabase\WebDataWorld\WebDatabase\account.py changed, reloading.
2025-12-06 18:23:45 [INFO] django.utils.autoreload: Watching for file changes with StatReloader
2025-12-06 18:23:47 [INFO] django.server: "GET /WebDatabase/login HTTP/1.1" 200 6493
2025-12-06 18:24:14 [INFO] django.utils.autoreload: C:\Users\admin\Desktop\WebDatabaseBeta\WebDatabase\WebDataWorld\WebDatabase\account.py changed, reloading.
2025-12-06 18:24:15 [INFO] django.utils.autoreload: Watching for file changes with StatReloader
2025-12-06 18:24:40 [INFO] django.utils.autoreload: C:\Users\admin\Desktop\WebDatabaseBeta\WebDatabase\WebDataWorld\WebDatabase\account.py changed, reloading.
2025-12-06 18:24:40 [INFO] django.utils.autoreload: Watching for file changes with StatReloader
2025-12-06 18:25:09 [INFO] django.utils.autoreload: C:\Users\admin\Desktop\WebDatabaseBeta\WebDatabase\WebDataWorld\WebDatabase\account.py changed, reloading.
2025-12-06 18:25:10 [INFO] django.utils.autoreload: Watching for file changes with StatReloader
2025-12-06 18:25:13 [INFO] django.server: "GET /WebDatabase/login HTTP/1.1" 200 6635
2025-12-06 18:25:19 [INFO] django.server: "POST /WebDatabase/login HTTP/1.1" 200 6635
2025-12-06 18:25:33 [INFO] django.server: "POST /WebDatabase/login HTTP/1.1" 200 6635
2025-12-06 18:26:03 [INFO] django.server: "POST /WebDatabase/login HTTP/1.1" 200 6635
2025-12-06 18:26:37 [INFO] django.utils.autoreload: C:\Users\admin\Desktop\WebDatabaseBeta\WebDatabase\WebDataWorld\WebDatabase\account.py changed, reloading.
2025-12-06 18:26:38 [INFO] django.utils.autoreload: Watching for file changes with StatReloader
2025-12-06 18:26:41 [INFO] django.server: "POST /WebDatabase/login HTTP/1.1" 200 6635
2025-12-06 18:26:51 [INFO] django.server: "POST /WebDatabase/login HTTP/1.1" 200 6635
2025-12-06 18:27:12 [INFO] django.utils.autoreload: C:\Users\admin\Desktop\WebDatabaseBeta\WebDatabase\WebDataWorld\WebDatabase\account.py changed, reloading.
2025-12-06 18:27:13 [INFO] django.utils.autoreload: Watching for file changes with StatReloader
2025-12-06 18:27:29 [INFO] django.server: "POST /WebDatabase/login HTTP/1.1" 200 6635
2025-12-06 18:27:46 [INFO] django.utils.autoreload: C:\Users\admin\Desktop\WebDatabaseBeta\WebDatabase\WebDataWorld\WebDatabase\account.py changed, reloading.
2025-12-06 18:27:47 [INFO] django.utils.autoreload: Watching for file changes with StatReloader
2025-12-06 18:27:55 [INFO] django.server: "POST /WebDatabase/login HTTP/1.1" 200 6635
2025-12-06 18:28:14 [INFO] django.utils.autoreload: C:\Users\admin\Desktop\WebDatabaseBeta\WebDatabase\WebDataWorld\WebDatabase\account.py changed, reloading.
2025-12-06 18:28:15 [INFO] django.utils.autoreload: Watching for file changes with StatReloader
2025-12-06 18:28:24 [INFO] django.server: "POST /WebDatabase/login HTTP/1.1" 200 6635
2025-12-06 18:28:50 [INFO] django.utils.autoreload: C:\Users\admin\Desktop\WebDatabaseBeta\WebDatabase\WebDataWorld\WebDatabase\account.py changed, reloading.
2025-12-06 18:28:51 [INFO] django.utils.autoreload: Watching for file changes with StatReloader
2025-12-06 18:28:58 [INFO] django.server: "POST /WebDatabase/login HTTP/1.1" 200 6635
2025-12-06 18:29:37 [INFO] django.utils.autoreload: C:\Users\admin\Desktop\WebDatabaseBeta\WebDatabase\WebDataWorld\WebDatabase\account.py changed, reloading.
2025-12-06 18:29:38 [INFO] django.utils.autoreload: Watching for file changes with StatReloader
2025-12-06 18:29:47 [INFO] django.server: "POST /WebDatabase/login HTTP/1.1" 200 6635
2025-12-06 18:30:33 [INFO] django.utils.autoreload: C:\Users\admin\Desktop\WebDatabaseBeta\WebDatabase\WebDataWorld\WebDatabase\account.py changed, reloading.
2025-12-06 18:30:34 [INFO] django.utils.autoreload: Watching for file changes with StatReloader
2025-12-06 18:30:42 [INFO] django.server: "POST /WebDatabase/login HTTP/1.1" 200 6635
2025-12-06 18:30:55 [INFO] django.utils.autoreload: C:\Users\admin\Desktop\WebDatabaseBeta\WebDatabase\WebDataWorld\WebDatabase\models.py changed, reloading.
2025-12-06 18:30:56 [INFO] django.utils.autoreload: Watching for file changes with StatReloader
2025-12-06 18:31:59 [INFO] django.utils.autoreload: C:\Users\admin\Desktop\WebDatabaseBeta\WebDatabase\WebDataWorld\WebDatabase\account.py changed, reloading.
2025-12-06 18:32:00 [INFO] django.utils.autoreload: Watching for file changes with StatReloader
2025-12-06 18:32:48 [INFO] django.utils.autoreload: C:\Users\admin\Desktop\WebDatabaseBeta\WebDatabase\WebDataWorld\WebDatabase\account.py changed, reloading.
2025-12-06 18:32:49 [INFO] django.utils.autoreload: Watching for file changes with StatReloader
2025-12-06 18:32:58 [INFO] django.server: "POST /WebDatabase/login HTTP/1.1" 200 6635
2025-12-06 18:33:47 [INFO] django.utils.autoreload: E:\Anaconda\Lib\site-packages\django\forms\forms.py changed, reloading.
2025-12-06 18:33:48 [INFO] django.utils.autoreload: Watching for file changes with StatReloader
2025-12-06 18:33:55 [INFO] django.server: "POST /WebDatabase/login HTTP/1.1" 200 6635
2025-12-06 18:34:02 [INFO] django.utils.autoreload: E:\Anaconda\Lib\site-packages\django\forms\forms.py changed, reloading.
2025-12-06 18:34:04 [INFO] django.utils.autoreload: Watching for file changes with StatReloader
2025-12-06 18:34:10 [INFO] django.server: "POST /WebDatabase/login HTTP/1.1" 200 6635
2025-12-06 18:34:16 [INFO] django.utils.autoreload: C:\Users\admin\Desktop\WebDatabaseBeta\WebDatabase\WebDataWorld\WebDatabase\account.py changed, reloading.
2025-12-06 18:34:17 [INFO] django.utils.autoreload: Watching for file changes with StatReloader
2025-12-06 18:34:30 [INFO] django.server: "POST /WebDatabase/login HTTP/1.1" 200 6635
2025-12-06 18:34:34 [INFO] django.utils.autoreload: E:\Anaconda\Lib\site-packages\django\forms\forms.py changed, reloading.
2025-12-06 18:34:35 [INFO] django.utils.autoreload: Watching for file changes with StatReloader
2025-12-06 18:36:19 [INFO] django.utils.autoreload: C:\Users\admin\Desktop\WebDatabaseBeta\WebDatabase\WebDataWorld\WebDatabase\account.py changed, reloading.
2025-12-06 18:36:20 [INFO] django.utils.autoreload: Watching for file changes with StatReloader
2025-12-06 18:36:23 [INFO] django.utils.autoreload: C:\Users\admin\Desktop\WebDatabaseBeta\WebDatabase\WebDataWorld\WebDatabase\account.py changed, reloading.
2025-12-06 18:36:24 [INFO] django.utils.autoreload: Watching for file changes with StatReloader
2025-12-06 18:36:31 [INFO] django.server: "POST /WebDatabase/login HTTP/1.1" 200 6635
2025-12-06 18:36:55 [INFO] django.utils.autoreload: E:\Anaconda\Lib\site-packages\django\forms\forms.py changed, reloading.
2025-12-06 18:36:56 [INFO] django.utils.autoreload: Watching for file changes with StatReloader
2025-12-06 18:37:00 [INFO] django.utils.autoreload: E:\Anaconda\Lib\site-packages\django\forms\forms.py changed, reloading.
2025-12-06 18:37:01 [INFO] django.utils.autoreload: Watching for file changes with StatReloader
2025-12-06 18:38:12 [INFO] django.utils.autoreload: E:\Anaconda\Lib\site-packages\django\contrib\auth\forms.py changed, reloading.
2025-12-06 18:38:13 [INFO] django.utils.autoreload: Watching for file changes with StatReloader
2025-12-06 18:38:25 [INFO] django.server: "POST /WebDatabase/login HTTP/1.1" 200 6635
2025-12-06 18:40:58 [INFO] django.utils.autoreload: C:\Users\admin\Desktop\WebDatabaseBeta\WebDatabase\WebDataWorld\WebDatabase\account.py changed, reloading.
2025-12-06 18:40:58 [INFO] django.utils.autoreload: Watching for file changes with StatReloader
2025-12-06 18:41:17 [INFO] django.server: "POST /WebDatabase/login HTTP/1.1" 200 6635
2025-12-06 18:42:03 [INFO] django.utils.autoreload: C:\Users\admin\Desktop\WebDatabaseBeta\WebDatabase\WebDataWorld\WebDatabase\account.py changed, reloading.
2025-12-06 18:42:04 [INFO] django.utils.autoreload: Watching for file changes with StatReloader
2025-12-06 18:42:54 [INFO] django.utils.autoreload: C:\Users\admin\Desktop\WebDatabaseBeta\WebDatabase\WebDataWorld\WebDatabase\account.py changed, reloading.
2025-12-06 18:42:55 [INFO] django.utils.autoreload: Watching for file changes with StatReloader
2025-12-06 18:43:04 [INFO] django.server: "POST /WebDatabase/login HTTP/1.1" 200 6626
2025-12-06 18:43:25 [INFO] django.utils.autoreload: C:\Users\admin\Desktop\WebDatabaseBeta\WebDatabase\WebDataWorld\WebDatabase\account.py changed, reloading.
2025-12-06 18:43:26 [INFO] django.utils.autoreload: Watching for file changes with StatReloader
2025-12-06 18:43:29 [INFO] django.utils.autoreload: C:\Users\admin\Desktop\WebDatabaseBeta\WebDatabase\WebDataWorld\WebDatabase\account.py changed, reloading.
2025-12-06 18:43:30 [INFO] django.utils.autoreload: Watching for file changes with StatReloader
2025-12-06 18:43:37 [INFO] django.server: "POST /WebDatabase/login HTTP/1.1" 200 6626
2025-12-06 18:43:57 [INFO] django.utils.autoreload: E:\Anaconda\Lib\site-packages\django\forms\forms.py changed, reloading.
2025-12-06 18:43:58 [INFO] django.utils.autoreload: Watching for file changes with StatReloader
2025-12-06 18:52:54 [INFO] django.server: "POST /WebDatabase/login HTTP/1.1" 200 6626
2025-12-06 18:53:20 [INFO] django.utils.autoreload: E:\Anaconda\Lib\site-packages\django\forms\forms.py changed, reloading.
2025-12-06 18:53:20 [INFO] django.utils.autoreload: Watching for file changes with StatReloader
2025-12-06 18:53:43 [INFO] django.utils.autoreload: C:\Users\admin\Desktop\WebDatabaseBeta\WebDatabase\WebDataWorld\WebDatabase\account.py changed, reloading.
2025-12-06 18:53:44 [INFO] django.utils.autoreload: Watching for file changes with StatReloader
2025-12-06 18:53:53 [INFO] django.server: "POST /WebDatabase/login HTTP/1.1" 200 6626
2025-12-06 18:55:18 [INFO] django.utils.autoreload: C:\Users\admin\Desktop\WebDatabaseBeta\WebDatabase\WebDataWorld\WebDatabase\account.py changed, reloading.
2025-12-06 18:55:19 [INFO] django.utils.autoreload: Watching for file changes with StatReloader
2025-12-07 19:40:52 [ERROR] django.server: "POST /WebDatabase/login HTTP/1.1" 500 75101
2025-12-07 19:44:28 [INFO] django.utils.autoreload: C:\Users\admin\Desktop\WebDatabaseBeta\WebDatabase\WebDataWorld\WebDatabase\account.py changed, reloading.
